02:04:16 [INFO] Log File: C:\Users\Tellez\documents\visual studio 2012\Projects\ubeat\ubeat\ubeat\bin\x86\Debug\logs\log-1459044256.log
02:04:16 [INFO] 
02:04:16 [INFO] =====================================
02:04:16 [INFO] =                                   =
02:04:16 [INFO] =          Welcome to ubeat!        =
02:04:16 [INFO] =       Developed by Fabi With ♥    =
02:04:16 [INFO] =                                   =
02:04:16 [INFO] =====================================
02:04:16 [INFO] 
02:04:16 [INFO] 
02:04:16 [INFO] ----------------
02:04:16 [INFO] 
02:04:16 [INFO] Loading beatmaps.
02:04:22 [INFO] 
02:04:22 [INFO] Done.
02:04:22 [INFO] 
02:04:22 [INFO] ----------------
02:04:22 [INFO] 
02:04:30 [INFO] Game Started: Hanazawa Kana - Meiwaku Spectacle (TV Size) [Easy]
02:04:31 [INFO] Audio LeadIn: 1500
02:05:13 [INFO] Game End: Hanazawa Kana - Meiwaku Spectacle (TV Size) [Easy]
