09:19:41 [INFO] Log File: C:\Users\Tellez\Documents\Visual Studio 2012\Projects\ubeat\ubeat\ubeat\bin\x86\Debug\logs\log-1461230381.log
09:19:41 [INFO] 
09:19:41 [INFO] 
09:19:41 [INFO] ╔═══════════════════════════════╗
09:19:41 [INFO] ║                               ║
09:19:41 [INFO] ║        Build 1.0.0000         ║
09:19:41 [INFO] ║                               ║
09:19:41 [INFO] ╚═══════════════════════════════╝
09:19:41 [INFO] 
09:19:41 [INFO] =====================================
09:19:41 [INFO] =                                   =
09:19:41 [INFO] =          Welcome to ubeat!        =
09:19:41 [INFO] =       Developed by Fabi With ♥    =
09:19:41 [INFO] =                                   =
09:19:41 [INFO] =====================================
09:19:41 [INFO] 
09:19:41 [INFO] Loading textures
09:19:41 [INFO] 
09:19:41 [INFO] Done.
09:19:41 [INFO] 
09:19:41 [INFO] ----------------
09:19:41 [INFO] 
09:19:41 [INFO] Loading beatmaps.
09:19:41 [INFO] 
09:19:48 [INFO] -> 100%
09:19:48 [INFO] Loading local
09:19:48 [INFO] -> 100%
09:19:48 [INFO] 
09:19:48 [INFO] Done.
09:19:48 [INFO] 
09:19:48 [INFO] ----------------
09:19:48 [INFO] 
09:19:48 [INFO] Loading enviroment
09:19:48 [INFO] 
09:19:48 [INFO] Kansei shimashita (/^-^)/!
09:19:48 [INFO] 
09:19:48 [INFO] ----------------
09:20:29 [INFO] Game Started: Tsunamaru - Daidai Genome [Insane]
09:21:20 [INFO] Game Paused
09:21:23 [INFO] Game unpaused
09:23:33 [INFO] Game End: Tsunamaru - Daidai Genome [Insane]
09:24:32 [INFO] Game Started: Tsunamaru - Daidai Genome [Hard]
09:27:32 [INFO] Game End: Tsunamaru - Daidai Genome [Hard]
22:09:42 [INFO] Game Started: AKINO from bless4 - Just Moving On Now [Kibboo's Insane]
22:09:42 [INFO] Audio LeadIn: 800
22:11:12 [INFO] Game End: AKINO from bless4 - Just Moving On Now [Kibboo's Insane]
22:11:28 [INFO] Game Started: Buta-Otome - Sharekoube [Elvis' Insane]
22:13:41 [INFO] Game Paused
22:13:42 [INFO] Exit Game
22:13:45 [INFO]  Bye! 
