02:00:13 [INFO] Log File: C:\Users\Tellez\documents\visual studio 2012\Projects\ubeat\ubeat\ubeat\bin\x86\Debug\logs\log-1459044013.log
02:00:13 [INFO] 
02:00:13 [INFO] =====================================
02:00:13 [INFO] =                                   =
02:00:13 [INFO] =          Welcome to ubeat!        =
02:00:13 [INFO] =       Developed by Fabi With ♥    =
02:00:13 [INFO] =                                   =
02:00:13 [INFO] =====================================
02:00:13 [INFO] 
02:00:13 [INFO] 
02:00:13 [INFO] ----------------
02:00:13 [INFO] 
02:00:13 [INFO] Loading beatmaps.
02:00:19 [INFO] 
02:00:19 [INFO] Done.
02:00:19 [INFO] 
02:00:19 [INFO] ----------------
02:00:19 [INFO] 
02:00:31 [INFO] Game Started: cYsmix - House With Legs [Insane]
02:00:41 [INFO] Game Paused
02:00:42 [INFO] Exit Game
