09:06:26 [INFO] Log File: C:\Users\Tellez\Documents\Visual Studio 2012\Projects\ubeat\ubeat\ubeat\bin\x86\Debug\logs\log-1461229586.log
09:06:26 [INFO] 
09:06:26 [INFO] 
09:06:26 [INFO] ╔═══════════════════════════════╗
09:06:26 [INFO] ║                               ║
09:06:26 [INFO] ║        Build 1.0.0000         ║
09:06:26 [INFO] ║                               ║
09:06:26 [INFO] ╚═══════════════════════════════╝
09:06:26 [INFO] 
09:06:26 [INFO] =====================================
09:06:26 [INFO] =                                   =
09:06:26 [INFO] =          Welcome to ubeat!        =
09:06:26 [INFO] =       Developed by Fabi With ♥    =
09:06:26 [INFO] =                                   =
09:06:26 [INFO] =====================================
09:06:26 [INFO] 
09:06:26 [INFO] Loading textures
09:06:26 [INFO] 
09:06:26 [INFO] Done.
09:06:26 [INFO] 
09:06:26 [INFO] ----------------
09:06:26 [INFO] 
09:06:26 [INFO] Loading beatmaps.
09:06:26 [INFO] 
09:06:34 [INFO] -> 100%
09:06:34 [INFO] Loading local
09:06:34 [INFO] -> 100%
09:06:34 [INFO] 
09:06:34 [INFO] Done.
09:06:34 [INFO] 
09:06:34 [INFO] ----------------
09:06:34 [INFO] 
09:06:34 [INFO] Loading enviroment
09:06:34 [INFO] 
09:06:34 [INFO] Kansei shimashita (/^-^)/!
09:06:34 [INFO] 
09:06:34 [INFO] ----------------
09:06:44 [INFO] Game Started: Aoi Eir - Sirius (TV size ver.) [Normal]
09:06:44 [INFO] Audio LeadIn: 700
09:07:28 [INFO] Game Paused
09:07:28 [INFO] Exit Game
09:07:47 [INFO] Game Started: Yuuzuki Tsubaki - midnight cookie [Normal]
09:07:57 [INFO] Game Paused
09:07:58 [INFO] Exit Game
09:08:04 [INFO] Game Started: Yuuzuki Tsubaki - midnight cookie [Easy]
09:09:35 [INFO] Game End: Yuuzuki Tsubaki - midnight cookie [Easy]
09:11:38 [INFO] Game Started: Yuuzuki Tsubaki - midnight cookie [Lunatic]
09:12:01 [INFO] Game Paused
09:12:02 [INFO] Exit Game
09:12:05 [INFO] Game Started: Yuuzuki Tsubaki - midnight cookie [lfj's Lunatic]
09:13:41 [INFO] Game Paused
09:13:42 [INFO] Exit Game
09:13:57 [INFO] Game Started: u's - Snow halation (TV Size) [Insane]
09:13:58 [INFO] Audio LeadIn: 1500
09:15:38 [INFO] Game Paused
09:15:38 [INFO] Exit Game
09:15:47 [INFO] Game Started: Tsunamaru - Daidai Genome [Insane]
09:17:09 [INFO] Game Paused
09:17:10 [INFO] Game unpaused
09:18:48 [INFO] Game End: Tsunamaru - Daidai Genome [Insane]
09:19:16 [INFO]  Bye! 
