01:15:58 [INFO] Log File: C:\Users\Tellez\Documents\Visual Studio 2012\Projects\ubeat\ubeat\ubeat\bin\x86\Debug\logs\log-1461374158.log
01:15:58 [INFO] 
01:15:58 [INFO] 
01:15:58 [INFO] ╔═══════════════════════════════╗
01:15:58 [INFO] ║                               ║
01:15:58 [INFO] ║        Build 1.0.0000         ║
01:15:58 [INFO] ║                               ║
01:15:58 [INFO] ╚═══════════════════════════════╝
01:15:58 [INFO] 
01:15:58 [INFO] =====================================
01:15:58 [INFO] =                                   =
01:15:58 [INFO] =          Welcome to ubeat!        =
01:15:58 [INFO] =       Developed by Fabi With ♥    =
01:15:58 [INFO] =                                   =
01:15:58 [INFO] =====================================
01:15:58 [INFO] 
01:15:58 [INFO] Loading textures
01:15:58 [INFO] 
01:15:58 [INFO] Done.
01:15:58 [INFO] 
01:15:58 [INFO] ----------------
01:15:58 [INFO] 
01:15:58 [INFO] Loading beatmaps.
01:15:58 [INFO] 
01:16:07 [INFO] -> 100%
01:16:07 [INFO] Loading local
01:16:07 [INFO] -> 100%
01:16:07 [INFO] 
01:16:07 [INFO] Done.
01:16:07 [INFO] 
01:16:07 [INFO] ----------------
01:16:07 [INFO] 
01:16:07 [INFO] Loading enviroment
01:16:08 [INFO] 
01:16:08 [INFO] Kansei shimashita (/^-^)/!
01:16:08 [INFO] 
01:16:08 [INFO] ----------------
01:16:20 [INFO] Game Started: Anamanaguchi - Prom Night [Insane]
01:17:01 [INFO] Game Paused
01:17:03 [INFO] Game unpaused
01:17:49 [INFO] Game Paused
01:17:50 [INFO] Exit Game
01:17:54 [INFO] Game Started: Anamanaguchi - Prom Night [Insane]
01:21:39 [INFO] Game End: Anamanaguchi - Prom Night [Insane]
01:23:52 [INFO] Game Started: JAM Project - THE HERO!! ~Ikareru Kobushi ni Hi o Tsukero~ (TV Size) [Insane]
01:24:09 [INFO] Game Paused
01:24:10 [INFO] Exit Game
01:24:21 [INFO] Game Started: Jeff Williams - Red Like Roses (feat. Casey Lee Williams) [Ruby]
01:27:29 [INFO] Game End: Jeff Williams - Red Like Roses (feat. Casey Lee Williams) [Ruby]
01:27:47 [INFO] Game Started: Jeff Williams & Casey Lee Williams - This Will Be the Day (James Landino's Magical Girl Remix) [4K EZ]
01:27:48 [INFO] Audio LeadIn: 1500
01:30:39 [INFO] Game End: Jeff Williams & Casey Lee Williams - This Will Be the Day (James Landino's Magical Girl Remix) [4K EZ]
01:30:51 [INFO] Game Started: Jeff Williams & Casey Lee Williams - This Will Be the Day (James Landino's Magical Girl Remix) [4K HD]
01:30:53 [INFO] Audio LeadIn: 1500
01:33:44 [INFO] Game End: Jeff Williams & Casey Lee Williams - This Will Be the Day (James Landino's Magical Girl Remix) [4K HD]
01:33:57 [INFO] Game Started: Jeff Williams & Casey Lee Williams - This Will Be the Day (James Landino's Magical Girl Remix) [7K EZ]
01:33:59 [INFO] Audio LeadIn: 1500
01:36:50 [INFO] Game End: Jeff Williams & Casey Lee Williams - This Will Be the Day (James Landino's Magical Girl Remix) [7K EZ]
01:37:52 [INFO] Game Started: Jeff Williams & Casey Lee Williams - This Will Be the Day (James Landino's Magical Girl Remix) [Agka's 7K MX]
01:37:54 [INFO] Audio LeadIn: 1500
01:40:45 [INFO] Game End: Jeff Williams & Casey Lee Williams - This Will Be the Day (James Landino's Magical Girl Remix) [Agka's 7K MX]
