18:26:13 [INFO] Log File: C:\Users\Tellez\documents\visual studio 2012\Projects\ubeat\ubeat\ubeat\bin\x86\Debug\logs\log-1460571973.log
18:26:13 [INFO] 
18:26:13 [INFO] =====================================
18:26:13 [INFO] =                                   =
18:26:13 [INFO] =          Welcome to ubeat!        =
18:26:13 [INFO] =       Developed by Fabi With ♥    =
18:26:13 [INFO] =                                   =
18:26:13 [INFO] =====================================
18:26:13 [INFO] 
18:26:14 [INFO] 
18:26:14 [INFO] ----------------
18:26:14 [INFO] 
18:26:14 [INFO] Loading beatmaps.
18:26:19 [INFO] 
18:26:19 [INFO] Done.
18:26:19 [INFO] 
18:26:19 [INFO] ----------------
18:26:19 [INFO] 
18:26:31 [INFO] Game Started: Cocoa(Sakura Ayane) - Daydream cafe ~Gochuumon wa Cocoa desu ka? ver.~ [Pyon Pyon~!]
18:26:46 [INFO] Game Paused
18:26:46 [INFO] Exit Game
