02:17:02 [INFO] Log File: C:\Users\Tellez\documents\visual studio 2012\Projects\ubeat\ubeat\ubeat\bin\x86\Debug\logs\log-1460600222.log
02:17:02 [INFO] 
02:17:02 [INFO] =====================================
02:17:02 [INFO] =                                   =
02:17:02 [INFO] =          Welcome to ubeat!        =
02:17:02 [INFO] =       Developed by Fabi With ♥    =
02:17:02 [INFO] =                                   =
02:17:02 [INFO] =====================================
02:17:02 [INFO] 
02:17:03 [INFO] 
02:17:03 [INFO] ----------------
02:17:03 [INFO] 
02:17:03 [INFO] Loading beatmaps.
02:17:08 [INFO] 
02:17:08 [INFO] Done.
02:17:08 [INFO] 
02:17:08 [INFO] ----------------
02:17:08 [INFO] 
02:17:15 [INFO] Game Started: Ayakura Mei - Puzzle Maker [KwaN's Normal]
02:17:40 [INFO] Game Failed
02:17:40 [INFO] Game Paused
02:17:43 [INFO] Retry performed
02:17:43 [INFO] Game unpaused
02:17:43 [INFO] Game Started: Ayakura Mei - Puzzle Maker [KwaN's Normal]
02:17:45 [INFO] Game Paused
02:17:46 [INFO] Exit Game
02:17:49 [INFO] Game Started: Ayano Mashiro - ideal white (TV size) [Divine]
02:17:50 [INFO] Audio LeadIn: 1000
02:17:52 [INFO] Game Paused
02:17:52 [INFO] Exit Game
02:17:55 [INFO] Game Started: Buta-Otome - Sharekoube [Elvis' Insane]
02:18:00 [INFO] Game Paused
02:18:01 [INFO] Exit Game
