23:21:34 [INFO] Log File: C:\Users\Tellez\documents\visual studio 2012\Projects\ubeat\ubeat\ubeat\bin\x86\Debug\logs\log-1460589694.log
23:21:34 [INFO] 
23:21:34 [INFO] =====================================
23:21:34 [INFO] =                                   =
23:21:34 [INFO] =          Welcome to ubeat!        =
23:21:34 [INFO] =       Developed by Fabi With ♥    =
23:21:34 [INFO] =                                   =
23:21:34 [INFO] =====================================
23:21:34 [INFO] 
23:21:34 [INFO] 
23:21:34 [INFO] ----------------
23:21:34 [INFO] 
23:21:34 [INFO] Loading beatmaps.
23:21:41 [INFO] 
23:21:41 [INFO] Done.
23:21:41 [INFO] 
23:21:41 [INFO] ----------------
23:21:41 [INFO] 
23:34:18 [WARN] BACKGROUND NOT FOUND!!
23:34:19 [WARN] BACKGROUND NOT FOUND!!
