10:25:14 [INFO] Log File: C:\Users\Tellez\Documents\Visual Studio 2012\Projects\ubeat\ubeat\ubeat\bin\x86\Debug\logs\log-1461147914.log
10:25:14 [INFO] 
10:25:14 [INFO] 
10:25:14 [INFO] ╔═══════════════════════════════╗
10:25:14 [INFO] ║                               ║
10:25:14 [INFO] ║        Build 1.0.0000         ║
10:25:14 [INFO] ║                               ║
10:25:14 [INFO] ╚═══════════════════════════════╝
10:25:14 [INFO] 
10:25:14 [INFO] =====================================
10:25:14 [INFO] =                                   =
10:25:14 [INFO] =          Welcome to ubeat!        =
10:25:14 [INFO] =       Developed by Fabi With ♥    =
10:25:14 [INFO] =                                   =
10:25:14 [INFO] =====================================
10:25:14 [INFO] 
10:25:14 [INFO] Loading textures
10:25:14 [INFO] 
10:25:14 [INFO] Done.
10:25:14 [INFO] 
10:25:14 [INFO] ----------------
10:25:14 [INFO] 
10:25:14 [INFO] Loading beatmaps.
10:25:14 [INFO] 
10:25:21 [INFO] -> 100%
10:25:21 [INFO] Loading local
10:25:21 [INFO] -> 100%
10:25:21 [INFO] 
10:25:21 [INFO] Done.
10:25:21 [INFO] 
10:25:21 [INFO] ----------------
10:25:21 [INFO] 
10:25:21 [INFO] Loading enviroment
10:25:21 [INFO] 
10:25:21 [INFO] Kansei shimashita (/^-^)/!
10:25:21 [INFO] 
10:25:21 [INFO] ----------------
10:25:51 [INFO] Game Started: Pegboard Nerds - 20k (Aero Chord Remix) [Vass-RJ's Insane]
10:29:40 [INFO] Game End: Pegboard Nerds - 20k (Aero Chord Remix) [Vass-RJ's Insane]
10:30:03 [INFO]  Bye! 
