08:47:46 [INFO] Log File: C:\Users\Tellez\Documents\Visual Studio 2012\Projects\ubeat\ubeat\ubeat\bin\x86\Debug\logs\log-1461228466.log
08:47:46 [INFO] 
08:47:46 [INFO] 
08:47:46 [INFO] ╔═══════════════════════════════╗
08:47:46 [INFO] ║                               ║
08:47:46 [INFO] ║        Build 1.0.0000         ║
08:47:46 [INFO] ║                               ║
08:47:46 [INFO] ╚═══════════════════════════════╝
08:47:46 [INFO] 
08:47:46 [INFO] =====================================
08:47:46 [INFO] =                                   =
08:47:46 [INFO] =          Welcome to ubeat!        =
08:47:46 [INFO] =       Developed by Fabi With ♥    =
08:47:46 [INFO] =                                   =
08:47:46 [INFO] =====================================
08:47:46 [INFO] 
08:47:47 [INFO] Loading textures
08:47:47 [INFO] 
08:47:47 [INFO] Done.
08:47:47 [INFO] 
08:47:47 [INFO] ----------------
08:47:47 [INFO] 
08:47:47 [INFO] Loading beatmaps.
08:47:47 [INFO] 
08:47:56 [INFO] -> 100%
08:47:56 [INFO] Loading local
08:47:56 [INFO] -> 100%
08:47:56 [INFO] 
08:47:56 [INFO] Done.
08:47:56 [INFO] 
08:47:56 [INFO] ----------------
08:47:56 [INFO] 
08:47:56 [INFO] Loading enviroment
08:47:57 [INFO] 
08:47:57 [INFO] Kansei shimashita (/^-^)/!
08:47:57 [INFO] 
08:47:57 [INFO] ----------------
08:48:16 [INFO] Game Started: Cocoa(Sakura Ayane) - Daydream cafe ~Gochuumon wa Cocoa desu ka? ver.~ [Pyon Pyon~!]
08:50:04 [INFO] Game End: Cocoa(Sakura Ayane) - Daydream cafe ~Gochuumon wa Cocoa desu ka? ver.~ [Pyon Pyon~!]
08:50:20 [INFO] Game Started: DJ Fresh (feat. Ellie Goulding) - Flashlight (Radio Edit) [Insane]
08:51:19 [INFO] Game Paused
08:51:19 [INFO] Exit Game
08:51:23 [INFO] Game Started: DJ S3RL - Little Kandi Raver [LILYPOP RAVE!]
08:51:59 [INFO] Game Paused
08:52:45 [INFO] Game unpaused
08:54:27 [INFO] Game Paused
09:00:31 [INFO] Game unpaused
09:00:47 [INFO] Game Paused
09:00:48 [INFO] Exit Game
09:00:52 [INFO] Game Started: DJ YOSHITAKA - Evans [Taiko Muzukashii]
09:00:53 [INFO] Audio LeadIn: 971
09:02:36 [INFO] Game End: DJ YOSHITAKA - Evans [Taiko Muzukashii]
09:02:58 [INFO] Game Started: Hanatan - Kagerou Variation [Nathan's Extra]
09:04:01 [INFO] Game Paused
09:04:02 [INFO] Exit Game
09:04:09 [INFO] Game Started: Hanazawa Kana - Meiwaku Spectacle (TV Size) [Normal]
09:04:11 [INFO] Audio LeadIn: 1500
09:04:52 [INFO] Game End: Hanazawa Kana - Meiwaku Spectacle (TV Size) [Normal]
09:04:57 [INFO] Game Started: Hanazawa Kana - Meiwaku Spectacle (TV Size) [Normal]
09:04:58 [INFO] Audio LeadIn: 1500
09:05:30 [INFO] Game Paused
09:05:32 [INFO] Exit Game
09:05:34 [INFO]  Bye! 
