19:57:20 [INFO] Log File: C:\Users\Tellez\documents\visual studio 2012\Projects\ubeat\ubeat\ubeat\bin\x86\Debug\logs\log-1460577440.log
19:57:20 [INFO] 
19:57:20 [INFO] =====================================
19:57:20 [INFO] =                                   =
19:57:20 [INFO] =          Welcome to ubeat!        =
19:57:20 [INFO] =       Developed by Fabi With ♥    =
19:57:20 [INFO] =                                   =
19:57:20 [INFO] =====================================
19:57:20 [INFO] 
19:57:20 [INFO] 
19:57:20 [INFO] ----------------
19:57:20 [INFO] 
19:57:20 [INFO] Loading beatmaps.
19:57:26 [INFO] 
19:57:26 [INFO] Done.
19:57:26 [INFO] 
19:57:26 [INFO] ----------------
19:57:26 [INFO] 
19:57:44 [INFO] Game Started: Hanazawa Kana - Meiwaku Spectacle (TV Size) [Easy]
19:57:46 [INFO] Audio LeadIn: 1500
19:58:28 [INFO] Game End: Hanazawa Kana - Meiwaku Spectacle (TV Size) [Easy]
19:58:42 [INFO] Game Started: IOSYS - Usatei 2011 [Tewi]
20:00:32 [INFO] Game Paused
20:00:33 [INFO] Exit Game
20:00:43 [INFO] Game Started: KANA-BOON - Silhouette [Easy]
20:00:57 [INFO] Game Paused
20:00:58 [INFO] Game unpaused
20:01:04 [INFO] Game Paused
20:01:05 [INFO] Exit Game
20:01:14 [INFO] Game Started: Mat Zo - Soul Food (Club Mix) [Insane]
20:03:03 [INFO] Game End: Mat Zo - Soul Food (Club Mix) [Insane]
20:03:13 [INFO] Game Started: Panda Eyes & Teminite - Highscore [Another]
20:04:47 [INFO] Game Paused
20:04:47 [INFO] Exit Game
20:04:51 [INFO] Game Started: Panda Eyes & Teminite - Highscore [Standard]
20:04:54 [INFO] Game Paused
20:04:56 [INFO] Exit Game
20:05:04 [INFO] Game Started: Petit Rabbit's - No Poi! [Mochi's Insane]
20:05:05 [INFO] Audio LeadIn: 1000
20:05:20 [INFO] Game Paused
20:05:21 [INFO] Exit Game
