00:03:32 [INFO] Log File: C:\Users\Tellez\documents\visual studio 2012\Projects\ubeat\ubeat\ubeat\bin\x86\Debug\logs\log-1460592212.log
00:03:32 [INFO] 
00:03:32 [INFO] =====================================
00:03:32 [INFO] =                                   =
00:03:32 [INFO] =          Welcome to ubeat!        =
00:03:32 [INFO] =       Developed by Fabi With ♥    =
00:03:32 [INFO] =                                   =
00:03:32 [INFO] =====================================
00:03:32 [INFO] 
00:03:33 [INFO] 
00:03:33 [INFO] ----------------
00:03:33 [INFO] 
00:03:33 [INFO] Loading beatmaps.
00:03:40 [INFO] 
00:03:40 [INFO] Done.
00:03:40 [INFO] 
00:03:40 [INFO] ----------------
00:03:40 [INFO] 
00:14:15 [WARN] BACKGROUND NOT FOUND!!
00:24:50 [INFO] Game Started: THE ORAL CIGARETTES - Kyouran Hey Kids!! [Insane]
00:27:18 [INFO] Game Paused
00:27:20 [INFO] Game unpaused
00:27:35 [INFO] Game Paused
00:27:36 [INFO] Exit Game
00:28:05 [WARN] This beatmap has not image
00:28:15 [INFO] Game Started: Panda Eyes & Teminite - Highscore [Game Over]
00:32:33 [INFO] Game End: Panda Eyes & Teminite - Highscore [Game Over]
