00:23:14 [INFO] Log File: C:\Users\Tellez\documents\visual studio 2012\Projects\ubeat\ubeat\ubeat\bin\x86\Debug\logs\log-1460420594.log
00:23:14 [INFO] 
00:23:14 [INFO] =====================================
00:23:14 [INFO] =                                   =
00:23:14 [INFO] =          Welcome to ubeat!        =
00:23:14 [INFO] =       Developed by Fabi With ♥    =
00:23:14 [INFO] =                                   =
00:23:14 [INFO] =====================================
00:23:14 [INFO] 
00:23:14 [INFO] 
00:23:14 [INFO] ----------------
00:23:14 [INFO] 
00:23:14 [INFO] Loading beatmaps.
00:23:20 [INFO] 
00:23:20 [INFO] Done.
00:23:20 [INFO] 
00:23:20 [INFO] ----------------
00:23:20 [INFO] 
00:24:00 [INFO] Game Started: Gakuen Seikatsu Bu - Friend Shitai [Easy]
00:24:04 [INFO] Game Paused
00:24:04 [INFO] Exit Game
00:24:17 [INFO] Game Started: goreshit - burn this moment into the retina of my eye [fatal oni]
