22:08:16 [INFO] Log File: C:\Users\Tellez\documents\visual studio 2012\Projects\ubeat\ubeat\ubeat\bin\x86\Debug\logs\log-1460585296.log
22:08:16 [INFO] 
22:08:16 [INFO] =====================================
22:08:16 [INFO] =                                   =
22:08:16 [INFO] =          Welcome to ubeat!        =
22:08:16 [INFO] =       Developed by Fabi With ♥    =
22:08:16 [INFO] =                                   =
22:08:16 [INFO] =====================================
22:08:16 [INFO] 
22:08:16 [INFO] 
22:08:16 [INFO] ----------------
22:08:16 [INFO] 
22:08:16 [INFO] Loading beatmaps.
22:08:23 [INFO] 
22:08:23 [INFO] Done.
22:08:23 [INFO] 
22:08:23 [INFO] ----------------
22:08:23 [INFO] 
22:09:06 [INFO] Game Started: Buta-Otome - Sharekoube [Kite's Hard]
22:09:13 [INFO] Game Paused
22:09:14 [INFO] Exit Game
