23:35:45 [INFO] Log File: C:\Users\Tellez\documents\visual studio 2012\Projects\ubeat\ubeat\ubeat\bin\x86\Debug\logs\log-1460504145.log
23:35:45 [INFO] 
23:35:45 [INFO] =====================================
23:35:45 [INFO] =                                   =
23:35:45 [INFO] =          Welcome to ubeat!        =
23:35:45 [INFO] =       Developed by Fabi With ♥    =
23:35:45 [INFO] =                                   =
23:35:45 [INFO] =====================================
23:35:45 [INFO] 
23:35:45 [INFO] 
23:35:45 [INFO] ----------------
23:35:45 [INFO] 
23:35:45 [INFO] Loading beatmaps.
23:35:53 [INFO] 
23:35:53 [INFO] Done.
23:35:53 [INFO] 
23:35:53 [INFO] ----------------
23:35:53 [INFO] 
23:36:05 [INFO] Game Started: Asterisk - Ren-chon no Drum 'n' Bass [Insane]
23:36:59 [INFO] Game End: Asterisk - Ren-chon no Drum 'n' Bass [Insane]
23:37:15 [INFO] Game Started: BoxPlot - Escape With The Clouds [No Escape]
23:37:39 [INFO] Game Paused
23:39:31 [INFO] Exit Game
23:39:34 [INFO] Game Started: BoxPlot - Escape With The Clouds [No Escape]
23:40:17 [INFO] Game Paused
23:40:18 [INFO] Exit Game
23:41:25 [INFO] Game Started: Tsunamaru - Daidai Genome [Insane]
23:44:25 [INFO] Game End: Tsunamaru - Daidai Genome [Insane]
23:44:47 [INFO] Game Started: Yuuzuki Tsubaki - midnight cookie [tasuke's Oni]
23:45:02 [INFO] Game Paused
23:45:02 [INFO] Exit Game
23:45:09 [INFO] Game Started: Yuuzuki Tsubaki - midnight cookie [lfj's Lunatic]
23:48:48 [INFO] Game End: Yuuzuki Tsubaki - midnight cookie [lfj's Lunatic]
23:48:59 [INFO] Game Started: xi - Wish upon Twin Stars [EXHAUST]
23:50:56 [INFO] Game End: xi - Wish upon Twin Stars [EXHAUST]
23:51:14 [INFO] Game Started: THE ORAL CIGARETTES - Kyouran Hey Kids!! [God of Speed]
23:54:30 [INFO] Game Paused
23:54:31 [INFO] Exit Game
23:54:35 [INFO] Game Started: THE ORAL CIGARETTES - Kyouran Hey Kids!! [Insane]
23:54:53 [INFO] Game Paused
23:54:53 [INFO] Game unpaused
23:54:54 [INFO] Game Paused
23:54:55 [INFO] Game unpaused
23:54:56 [INFO] Game Paused
23:54:56 [INFO] Game unpaused
23:54:57 [INFO] Game Paused
23:54:58 [INFO] Game unpaused
23:54:59 [INFO] Game Paused
23:55:00 [INFO] Game unpaused
23:55:01 [INFO] Game Paused
23:55:02 [INFO] Game unpaused
23:55:04 [INFO] Game Paused
23:55:05 [INFO] Exit Game
