03:20:53 [INFO] Log File: C:\Users\Tellez\documents\visual studio 2012\Projects\ubeat\ubeat\ubeat\bin\x86\Debug\logs\log-1460604053.log
03:20:53 [INFO] 
03:20:53 [INFO] =====================================
03:20:53 [INFO] =                                   =
03:20:53 [INFO] =          Welcome to ubeat!        =
03:20:53 [INFO] =       Developed by Fabi With ♥    =
03:20:53 [INFO] =                                   =
03:20:53 [INFO] =====================================
03:20:53 [INFO] 
03:20:53 [INFO] 
03:20:53 [INFO] ----------------
03:20:53 [INFO] 
03:20:53 [INFO] Loading beatmaps.
03:20:59 [INFO] 
03:20:59 [INFO] Done.
03:20:59 [INFO] 
03:20:59 [INFO] ----------------
03:20:59 [INFO] 
03:21:12 [INFO] Game Started: cYsmix feat. Emmy - Tear Rain [Insane]
03:21:14 [INFO] Audio LeadIn: 1500
03:21:45 [INFO] Game Paused
03:21:45 [INFO] Exit Game
03:21:50 [INFO] Game Started: Dark PHOENiX - Ryokugan no Jealousy [Monster with Green Eyes]
03:22:17 [INFO] Game Paused
03:22:18 [INFO] Exit Game
