03:33:42 [INFO] Log File: C:\Users\Tellez\documents\visual studio 2012\Projects\ubeat\ubeat\ubeat\bin\x86\Debug\logs\log-1460604822.log
03:33:42 [INFO] 
03:33:42 [INFO] =====================================
03:33:42 [INFO] =                                   =
03:33:42 [INFO] =          Welcome to ubeat!        =
03:33:42 [INFO] =       Developed by Fabi With ♥    =
03:33:42 [INFO] =                                   =
03:33:42 [INFO] =====================================
03:33:42 [INFO] 
03:33:42 [INFO] 
03:33:42 [INFO] ----------------
03:33:42 [INFO] 
03:33:42 [INFO] Loading beatmaps.
03:33:48 [INFO] 
03:33:48 [INFO] Done.
03:33:48 [INFO] 
03:33:48 [INFO] ----------------
03:33:48 [INFO] 
03:33:59 [INFO] Game Started: Mat Zo - Soul Food (Club Mix) [Insane]
03:35:01 [INFO] Game Paused
03:35:01 [INFO] Exit Game
