03:06:52 [INFO] Log File: C:\Users\Tellez\documents\visual studio 2012\Projects\ubeat\ubeat\ubeat\bin\x86\Debug\logs\log-1460603212.log
03:06:52 [INFO] 
03:06:52 [INFO] =====================================
03:06:52 [INFO] =                                   =
03:06:52 [INFO] =          Welcome to ubeat!        =
03:06:52 [INFO] =       Developed by Fabi With ♥    =
03:06:52 [INFO] =                                   =
03:06:52 [INFO] =====================================
03:06:52 [INFO] 
03:06:53 [INFO] 
03:06:53 [INFO] ----------------
03:06:53 [INFO] 
03:06:53 [INFO] Loading beatmaps.
03:06:58 [INFO] 
03:06:58 [INFO] Done.
03:06:58 [INFO] 
03:06:58 [INFO] ----------------
03:06:58 [INFO] 
03:07:11 [INFO] Game Started: Hanazawa Kana - Meiwaku Spectacle (TV Size) [Yamete]
03:07:13 [INFO] Audio LeadIn: 1500
03:07:55 [INFO] Game End: Hanazawa Kana - Meiwaku Spectacle (TV Size) [Yamete]
03:08:05 [INFO] Game Started: Hanazawa Kana - Meiwaku Spectacle (TV Size) [Easy]
03:08:06 [INFO] Audio LeadIn: 1500
03:08:48 [INFO] Game End: Hanazawa Kana - Meiwaku Spectacle (TV Size) [Easy]
03:11:10 [INFO] Game Started: Horinaka Yuki - Spec Dake Tsukaikitta Gamesoft no You Desuu [Easy]
03:11:12 [INFO] Audio LeadIn: 2000
03:13:27 [INFO] Game End: Horinaka Yuki - Spec Dake Tsukaikitta Gamesoft no You Desuu [Easy]
03:13:51 [INFO] Game Started: IOSYS - Usatei 2011 [Pyon]
03:16:50 [INFO] Game End: IOSYS - Usatei 2011 [Pyon]
03:17:15 [INFO] Game Started: THE ORAL CIGARETTES - Kyouran Hey Kids!! [Veyron's Normal]
03:17:25 [INFO] Game Paused
03:17:25 [INFO] Exit Game
03:17:30 [INFO] Game Started: THE ORAL CIGARETTES - Kyouran Hey Kids!! [Insane]
03:18:19 [INFO] Game Paused
03:18:20 [INFO] Exit Game
