18:37:54 [INFO] Log File: C:\Users\Tellez\documents\visual studio 2012\Projects\ubeat\ubeat\ubeat\bin\x86\Debug\logs\log-1460572674.log
18:37:54 [INFO] 
18:37:54 [INFO] =====================================
18:37:54 [INFO] =                                   =
18:37:54 [INFO] =          Welcome to ubeat!        =
18:37:54 [INFO] =       Developed by Fabi With ♥    =
18:37:54 [INFO] =                                   =
18:37:54 [INFO] =====================================
18:37:54 [INFO] 
18:37:54 [INFO] 
18:37:54 [INFO] ----------------
18:37:54 [INFO] 
18:37:54 [INFO] Loading beatmaps.
18:38:00 [INFO] 
18:38:00 [INFO] Done.
18:38:00 [INFO] 
18:38:00 [INFO] ----------------
18:38:00 [INFO] 
18:38:12 [INFO] Game Started: Tatsh - IMAGE -MATERIAL- <Version 0> [Scorpiour]
18:44:36 [INFO] Game End: Tatsh - IMAGE -MATERIAL- <Version 0> [Scorpiour]
