02:13:24 [INFO] Log File: C:\Users\Tellez\documents\visual studio 2012\Projects\ubeat\ubeat\ubeat\bin\x86\Debug\logs\log-1460600004.log
02:13:24 [INFO] 
02:13:24 [INFO] =====================================
02:13:24 [INFO] =                                   =
02:13:24 [INFO] =          Welcome to ubeat!        =
02:13:24 [INFO] =       Developed by Fabi With ♥    =
02:13:24 [INFO] =                                   =
02:13:24 [INFO] =====================================
02:13:24 [INFO] 
02:13:25 [INFO] 
02:13:25 [INFO] ----------------
02:13:25 [INFO] 
02:13:25 [INFO] Loading beatmaps.
02:13:31 [INFO] 
02:13:31 [INFO] Done.
02:13:31 [INFO] 
02:13:31 [INFO] ----------------
02:13:31 [INFO] 
02:13:46 [INFO] Game Started: ASIAN KUNG-FU GENERATION - Re [Easy]
02:13:48 [INFO] Audio LeadIn: 1500
02:13:57 [INFO] Game Paused
02:13:58 [INFO] Exit Game
