02:22:34 [INFO] Log File: C:\Users\Tellez\documents\visual studio 2012\Projects\ubeat\ubeat\ubeat\bin\x86\Debug\logs\log-1459045354.log
02:22:34 [INFO] 
02:22:34 [INFO] =====================================
02:22:34 [INFO] =                                   =
02:22:34 [INFO] =          Welcome to ubeat!        =
02:22:34 [INFO] =       Developed by Fabi With ♥    =
02:22:34 [INFO] =                                   =
02:22:34 [INFO] =====================================
02:22:34 [INFO] 
02:22:35 [INFO] 
02:22:35 [INFO] ----------------
02:22:35 [INFO] 
02:22:35 [INFO] Loading beatmaps.
02:22:40 [INFO] 
02:22:40 [INFO] Done.
02:22:40 [INFO] 
02:22:40 [INFO] ----------------
02:22:40 [INFO] 
02:23:04 [INFO] Game Started: xi - Blue Zenith [FOUR DIMENSIONS[RLC]]
02:23:37 [INFO] Game Paused
02:23:38 [INFO] Exit Game
02:23:47 [INFO] Game Started: xi - Wish upon Twin Stars [EXHAUST]
02:23:48 [INFO] Audio LeadIn: 1000
02:24:17 [INFO] Game Paused
02:24:18 [INFO] Exit Game
02:24:27 [INFO] Game Started: USAO - Miracle 5ympho X [Gezo's Giga Oni]
02:26:28 [INFO] Game End: USAO - Miracle 5ympho X [Gezo's Giga Oni]
02:26:47 [INFO] Game Started: USAO - Miracle 5ympho X [4K Another]
02:28:48 [INFO] Game End: USAO - Miracle 5ympho X [4K Another]
