00:44:12 [INFO] Log File: C:\Users\Tellez\documents\visual studio 2012\Projects\ubeat\ubeat\ubeat\bin\x86\Debug\logs\log-1460594652.log
00:44:12 [INFO] 
00:44:12 [INFO] =====================================
00:44:12 [INFO] =                                   =
00:44:12 [INFO] =          Welcome to ubeat!        =
00:44:12 [INFO] =       Developed by Fabi With ♥    =
00:44:12 [INFO] =                                   =
00:44:12 [INFO] =====================================
00:44:12 [INFO] 
00:44:12 [INFO] 
00:44:12 [INFO] ----------------
00:44:12 [INFO] 
00:44:12 [INFO] Loading beatmaps.
00:44:18 [INFO] 
00:44:18 [INFO] Done.
00:44:18 [INFO] 
00:44:18 [INFO] ----------------
00:44:18 [INFO] 
00:44:58 [INFO] Game Started: Anamanaguchi - Prom Night [Hard]
00:47:06 [INFO] Game Paused
00:47:06 [INFO] Game unpaused
00:47:06 [INFO] Game Paused
00:47:07 [INFO] Game unpaused
00:47:07 [INFO] Game Paused
00:47:07 [INFO] Game unpaused
00:47:07 [INFO] Game Paused
00:47:08 [INFO] Game unpaused
00:47:08 [INFO] Game Paused
00:47:08 [INFO] Game unpaused
00:47:08 [INFO] Game Paused
00:47:08 [INFO] Game unpaused
00:47:08 [INFO] Game Paused
00:47:09 [INFO] Exit Game
