00:39:52 [INFO] Log File: C:\Users\Tellez\documents\visual studio 2012\Projects\ubeat\ubeat\ubeat\bin\x86\Debug\logs\log-1460421592.log
00:39:52 [INFO] 
00:39:52 [INFO] =====================================
00:39:52 [INFO] =                                   =
00:39:52 [INFO] =          Welcome to ubeat!        =
00:39:52 [INFO] =       Developed by Fabi With ♥    =
00:39:52 [INFO] =                                   =
00:39:52 [INFO] =====================================
00:39:52 [INFO] 
00:39:52 [INFO] 
00:39:52 [INFO] ----------------
00:39:52 [INFO] 
00:39:52 [INFO] Loading beatmaps.
00:39:58 [INFO] 
00:39:58 [INFO] Done.
00:39:58 [INFO] 
00:39:58 [INFO] ----------------
00:39:58 [INFO] 
00:40:23 [INFO] Game Started: Jeff Williams & Casey Lee Williams - This Will Be the Day (James Landino's Magical Girl Remix) [Blocko's 7K NM+]
00:40:25 [INFO] Audio LeadIn: 1500
00:41:17 [INFO] Game Paused
00:41:19 [INFO] Exit Game
00:41:21 [INFO] Game Started: Jeff Williams & Casey Lee Williams - This Will Be the Day (James Landino's Magical Girl Remix) [Agka's 7K MX]
00:41:23 [INFO] Audio LeadIn: 1500
00:44:14 [INFO] Game End: Jeff Williams & Casey Lee Williams - This Will Be the Day (James Landino's Magical Girl Remix) [Agka's 7K MX]
00:44:26 [INFO] Game Started: Jeff Williams & Casey Lee Williams - This Will Be the Day (James Landino's Magical Girl Remix) [4K MX]
00:44:28 [INFO] Audio LeadIn: 1500
00:47:19 [INFO] Game End: Jeff Williams & Casey Lee Williams - This Will Be the Day (James Landino's Magical Girl Remix) [4K MX]
00:47:54 [INFO] Game Started: yuikonnu & ayaponzu* - Kunoichi demo Koi ga Shitai [Skystar's Extra]
00:51:45 [INFO] Game End: yuikonnu & ayaponzu* - Kunoichi demo Koi ga Shitai [Skystar's Extra]
