00:29:29 [INFO] Log File: C:\Users\Tellez\documents\visual studio 2012\Projects\ubeat\ubeat\ubeat\bin\x86\Debug\logs\log-1460420969.log
00:29:29 [INFO] 
00:29:29 [INFO] =====================================
00:29:29 [INFO] =                                   =
00:29:29 [INFO] =          Welcome to ubeat!        =
00:29:29 [INFO] =       Developed by Fabi With ♥    =
00:29:29 [INFO] =                                   =
00:29:29 [INFO] =====================================
00:29:29 [INFO] 
00:29:30 [INFO] 
00:29:30 [INFO] ----------------
00:29:30 [INFO] 
00:29:30 [INFO] Loading beatmaps.
00:29:36 [INFO] 
00:29:36 [INFO] Done.
00:29:36 [INFO] 
00:29:36 [INFO] ----------------
00:29:36 [INFO] 
00:29:51 [INFO] Game Started: Hanazawa Kana - Meiwaku Spectacle (TV Size) [Insane]
00:29:52 [INFO] Audio LeadIn: 1500
00:30:35 [INFO] Game End: Hanazawa Kana - Meiwaku Spectacle (TV Size) [Insane]
00:30:49 [INFO] Game Started: joeyclassic - seal 2.flv [Seal]
00:31:48 [INFO] Game End: joeyclassic - seal 2.flv [Seal]
