02:54:42 [INFO] Log File: C:\Users\Tellez\documents\visual studio 2012\Projects\ubeat\ubeat\ubeat\bin\x86\Debug\logs\log-1460602482.log
02:54:42 [INFO] 
02:54:42 [INFO] =====================================
02:54:42 [INFO] =                                   =
02:54:42 [INFO] =          Welcome to ubeat!        =
02:54:42 [INFO] =       Developed by Fabi With ♥    =
02:54:42 [INFO] =                                   =
02:54:42 [INFO] =====================================
02:54:42 [INFO] 
02:54:43 [INFO] 
02:54:43 [INFO] ----------------
02:54:43 [INFO] 
02:54:43 [INFO] Loading beatmaps.
02:54:48 [INFO] 
02:54:48 [INFO] Done.
02:54:48 [INFO] 
02:54:48 [INFO] ----------------
02:54:48 [INFO] 
02:54:56 [INFO] Game Started: ASIAN KUNG-FU GENERATION - Re [Easy]
02:54:58 [INFO] Audio LeadIn: 1500
02:55:00 [INFO] Game Paused
