02:08:38 [INFO] Log File: C:\Users\Tellez\documents\visual studio 2012\Projects\ubeat\ubeat\ubeat\bin\x86\Debug\logs\log-1459044518.log
02:08:38 [INFO] 
02:08:38 [INFO] =====================================
02:08:38 [INFO] =                                   =
02:08:38 [INFO] =          Welcome to ubeat!        =
02:08:38 [INFO] =       Developed by Fabi With ♥    =
02:08:38 [INFO] =                                   =
02:08:38 [INFO] =====================================
02:08:38 [INFO] 
02:08:38 [INFO] 
02:08:38 [INFO] ----------------
02:08:38 [INFO] 
02:08:38 [INFO] Loading beatmaps.
02:08:43 [INFO] 
02:08:43 [INFO] Done.
02:08:43 [INFO] 
02:08:43 [INFO] ----------------
02:08:43 [INFO] 
02:08:59 [INFO] Game Started: Kicks N Licks Feat. Nicole Millar - Own The Night (MitiS DnB Remix) [Asphyxia's Insane]
02:10:09 [INFO] Game Paused
02:10:09 [INFO] Exit Game
02:10:44 [INFO] Game Started: THE ORAL CIGARETTES - Kyouran Hey Kids!! [Milan-'s Hard]
02:13:39 [INFO] Game Failed
02:13:39 [INFO] Game Paused
02:14:10 [INFO] Exit Game
02:14:28 [INFO] Game Started: yuikonnu & ayaponzu* - Kunoichi demo Koi ga Shitai [iyasine's Insane]
02:18:19 [INFO] Game End: yuikonnu & ayaponzu* - Kunoichi demo Koi ga Shitai [iyasine's Insane]
