01:55:37 [INFO] Log File: C:\Users\Tellez\documents\visual studio 2012\Projects\ubeat\ubeat\ubeat\bin\x86\Debug\logs\log-1460598937.log
01:55:37 [INFO] 
01:55:37 [INFO] =====================================
01:55:37 [INFO] =                                   =
01:55:37 [INFO] =          Welcome to ubeat!        =
01:55:37 [INFO] =       Developed by Fabi With ♥    =
01:55:37 [INFO] =                                   =
01:55:37 [INFO] =====================================
01:55:37 [INFO] 
01:55:37 [INFO] 
01:55:37 [INFO] ----------------
01:55:37 [INFO] 
01:55:37 [INFO] Loading beatmaps.
01:55:43 [INFO] 
01:55:43 [INFO] Done.
01:55:43 [INFO] 
01:55:43 [INFO] ----------------
01:55:43 [INFO] 
01:55:59 [INFO] Game Started: Anamanaguchi - Prom Night [Normal]
01:59:43 [INFO] Game End: Anamanaguchi - Prom Night [Normal]
02:05:27 [INFO] Game Started: yuikonnu & ayaponzu* - Kunoichi demo Koi ga Shitai [Normal]
02:05:48 [INFO] Game Paused
02:05:50 [INFO] Exit Game
02:05:55 [INFO] Game Started: yuikonnu & ayaponzu* - Kunoichi demo Koi ga Shitai [Normal]
02:09:46 [INFO] Game End: yuikonnu & ayaponzu* - Kunoichi demo Koi ga Shitai [Normal]
