02:07:18 [INFO] Log File: C:\Users\Tellez\documents\visual studio 2012\Projects\ubeat\ubeat\ubeat\bin\x86\Debug\logs\log-1459044438.log
02:07:18 [INFO] 
02:07:18 [INFO] =====================================
02:07:18 [INFO] =                                   =
02:07:18 [INFO] =          Welcome to ubeat!        =
02:07:18 [INFO] =       Developed by Fabi With ♥    =
02:07:18 [INFO] =                                   =
02:07:18 [INFO] =====================================
02:07:18 [INFO] 
02:07:18 [INFO] 
02:07:18 [INFO] ----------------
02:07:18 [INFO] 
02:07:18 [INFO] Loading beatmaps.
02:07:24 [INFO] 
02:07:24 [INFO] Done.
02:07:24 [INFO] 
02:07:24 [INFO] ----------------
02:07:24 [INFO] 
02:07:34 [INFO] Game Started: Hanazawa Kana - Meiwaku Spectacle (TV Size) [Easy]
02:07:35 [INFO] Audio LeadIn: 1500
02:08:17 [INFO] Game End: Hanazawa Kana - Meiwaku Spectacle (TV Size) [Easy]
