04:12:02 [INFO] Log File: C:\Users\Tellez\documents\visual studio 2012\Projects\ubeat\ubeat\ubeat\bin\x86\Debug\logs\log-1460607122.log
04:12:02 [INFO] 
04:12:02 [INFO] =====================================
04:12:02 [INFO] =                                   =
04:12:02 [INFO] =          Welcome to ubeat!        =
04:12:02 [INFO] =       Developed by Fabi With ♥    =
04:12:02 [INFO] =                                   =
04:12:02 [INFO] =====================================
04:12:02 [INFO] 
04:12:03 [INFO] 
04:12:03 [INFO] ----------------
04:12:03 [INFO] 
04:12:03 [INFO] Loading beatmaps.
04:12:08 [INFO] 
04:12:08 [INFO] Done.
04:12:08 [INFO] 
04:12:08 [INFO] ----------------
04:12:08 [INFO] 
04:12:24 [INFO] Game Started: Mat Zo - Soul Food (Club Mix) [Insane]
04:12:58 [INFO] Game Paused
04:12:58 [INFO] Exit Game
04:13:02 [INFO] Game Started: Mat Zo - Soul Food (Club Mix) [Insane]
04:14:51 [INFO] Game End: Mat Zo - Soul Food (Club Mix) [Insane]
04:14:59 [INFO] Game Started: Reol - Asymmetry [Extra]
04:15:01 [INFO] Audio LeadIn: 1900
04:15:27 [INFO] Game Paused
04:15:28 [INFO] Exit Game
