08:39:19 [INFO] Log File: C:\Users\Tellez\Documents\Visual Studio 2012\Projects\ubeat\ubeat\ubeat\bin\x86\Debug\logs\log-1461227959.log
08:39:19 [INFO] 
08:39:19 [INFO] 
08:39:19 [INFO] ╔═══════════════════════════════╗
08:39:19 [INFO] ║                               ║
08:39:19 [INFO] ║        Build 1.0.0000         ║
08:39:19 [INFO] ║                               ║
08:39:19 [INFO] ╚═══════════════════════════════╝
08:39:19 [INFO] 
08:39:19 [INFO] =====================================
08:39:19 [INFO] =                                   =
08:39:19 [INFO] =          Welcome to ubeat!        =
08:39:19 [INFO] =       Developed by Fabi With ♥    =
08:39:19 [INFO] =                                   =
08:39:19 [INFO] =====================================
08:39:19 [INFO] 
08:39:19 [INFO] Loading textures
08:39:19 [INFO] 
08:39:19 [INFO] Done.
08:39:19 [INFO] 
08:39:19 [INFO] ----------------
08:39:19 [INFO] 
08:39:19 [INFO] Loading beatmaps.
08:39:19 [INFO] 
