03:27:42 [INFO] Log File: C:\Users\Tellez\documents\visual studio 2012\Projects\ubeat\ubeat\ubeat\bin\x86\Debug\logs\log-1460604462.log
03:27:42 [INFO] 
03:27:42 [INFO] =====================================
03:27:42 [INFO] =                                   =
03:27:42 [INFO] =          Welcome to ubeat!        =
03:27:42 [INFO] =       Developed by Fabi With ♥    =
03:27:42 [INFO] =                                   =
03:27:42 [INFO] =====================================
03:27:42 [INFO] 
03:27:42 [INFO] 
03:27:42 [INFO] ----------------
03:27:42 [INFO] 
03:27:42 [INFO] Loading beatmaps.
03:27:48 [INFO] 
03:27:48 [INFO] Done.
03:27:48 [INFO] 
03:27:48 [INFO] ----------------
03:27:48 [INFO] 
03:28:00 [INFO] Game Started: Nico Nico Douga - Ronald's Perfect Math Class [baka baka]
03:28:02 [INFO] Audio LeadIn: 1500
03:28:32 [INFO] Game Paused
03:28:33 [INFO] Exit Game
