00:35:26 [INFO] Log File: C:\Users\Tellez\documents\visual studio 2012\Projects\ubeat\ubeat\ubeat\bin\x86\Debug\logs\log-1460421326.log
00:35:26 [INFO] 
00:35:26 [INFO] =====================================
00:35:26 [INFO] =                                   =
00:35:26 [INFO] =          Welcome to ubeat!        =
00:35:26 [INFO] =       Developed by Fabi With ♥    =
00:35:26 [INFO] =                                   =
00:35:26 [INFO] =====================================
00:35:26 [INFO] 
00:35:26 [INFO] 
00:35:26 [INFO] ----------------
00:35:26 [INFO] 
00:35:26 [INFO] Loading beatmaps.
00:35:32 [INFO] 
00:35:32 [INFO] Done.
00:35:32 [INFO] 
00:35:32 [INFO] ----------------
00:35:32 [INFO] 
00:36:00 [INFO] Game Started: GigaP & Reol - Drop Pop Candy [GigaP]
00:36:31 [INFO] Game Paused
00:36:32 [INFO] Exit Game
00:36:44 [INFO] Game Started: Hanazawa Kana - Meiwaku Spectacle (TV Size) [Yamete]
00:36:46 [INFO] Audio LeadIn: 1500
00:37:28 [INFO] Game End: Hanazawa Kana - Meiwaku Spectacle (TV Size) [Yamete]
