18:29:13 [INFO] Log File: C:\Users\Tellez\documents\visual studio 2012\Projects\ubeat\ubeat\ubeat\bin\x86\Debug\logs\log-1460572153.log
18:29:13 [INFO] 
18:29:13 [INFO] =====================================
18:29:13 [INFO] =                                   =
18:29:13 [INFO] =          Welcome to ubeat!        =
18:29:13 [INFO] =       Developed by Fabi With ♥    =
18:29:13 [INFO] =                                   =
18:29:13 [INFO] =====================================
18:29:13 [INFO] 
18:29:14 [INFO] 
18:29:14 [INFO] ----------------
18:29:14 [INFO] 
18:29:14 [INFO] Loading beatmaps.
18:29:20 [INFO] 
18:29:20 [INFO] Done.
18:29:20 [INFO] 
18:29:20 [INFO] ----------------
18:29:20 [INFO] 
18:29:25 [INFO] Game Started: AKINO from bless4 - Just Moving On Now [Insane]
18:29:26 [INFO] Audio LeadIn: 800
18:29:33 [INFO] Game Paused
18:29:34 [INFO] Exit Game
