08:40:09 [INFO] Log File: C:\Users\Tellez\Documents\Visual Studio 2012\Projects\ubeat\ubeat\ubeat\bin\x86\Debug\logs\log-1461228009.log
08:40:09 [INFO] 
08:40:09 [INFO] 
08:40:09 [INFO] ╔═══════════════════════════════╗
08:40:09 [INFO] ║                               ║
08:40:09 [INFO] ║        Build 1.0.0000         ║
08:40:09 [INFO] ║                               ║
08:40:09 [INFO] ╚═══════════════════════════════╝
08:40:09 [INFO] 
08:40:09 [INFO] =====================================
08:40:09 [INFO] =                                   =
08:40:09 [INFO] =          Welcome to ubeat!        =
08:40:09 [INFO] =       Developed by Fabi With ♥    =
08:40:09 [INFO] =                                   =
08:40:09 [INFO] =====================================
08:40:09 [INFO] 
08:40:09 [INFO] Loading textures
08:40:09 [INFO] 
08:40:09 [INFO] Done.
08:40:09 [INFO] 
08:40:09 [INFO] ----------------
08:40:09 [INFO] 
08:40:09 [INFO] Loading beatmaps.
08:40:09 [INFO] 
08:40:16 [INFO] -> 100%
08:40:16 [INFO] Loading local
08:40:16 [INFO] -> 100%
08:40:16 [INFO] 
08:40:16 [INFO] Done.
08:40:16 [INFO] 
08:40:16 [INFO] ----------------
08:40:16 [INFO] 
08:40:16 [INFO] Loading enviroment
08:40:16 [INFO] 
08:40:16 [INFO] Kansei shimashita (/^-^)/!
08:40:16 [INFO] 
08:40:16 [INFO] ----------------
08:40:50 [INFO] Game Started: Matsushita&yuikonnu - LOVE x LOVE Whistle [Extra]
08:43:52 [INFO] Game End: Matsushita&yuikonnu - LOVE x LOVE Whistle [Extra]
08:44:30 [INFO] Game Started: Anamanaguchi - Prom Night [Insane]
08:45:13 [INFO] Game Paused
