08:27:29 [INFO] Log File: C:\Users\Tellez\Documents\Visual Studio 2012\Projects\ubeat\ubeat\ubeat\bin\x86\Debug\logs\log-1461227249.log
08:27:29 [INFO] 
08:27:29 [INFO] 
08:27:29 [INFO] ╔═══════════════════════════════╗
08:27:29 [INFO] ║                               ║
08:27:29 [INFO] ║        Build 1.0.0000         ║
08:27:29 [INFO] ║                               ║
08:27:29 [INFO] ╚═══════════════════════════════╝
08:27:29 [INFO] 
08:27:29 [INFO] =====================================
08:27:29 [INFO] =                                   =
08:27:29 [INFO] =          Welcome to ubeat!        =
08:27:29 [INFO] =       Developed by Fabi With ♥    =
08:27:29 [INFO] =                                   =
08:27:29 [INFO] =====================================
08:27:29 [INFO] 
08:27:29 [INFO] Loading textures
08:27:29 [INFO] 
08:27:29 [INFO] Done.
08:27:29 [INFO] 
08:27:29 [INFO] ----------------
08:27:29 [INFO] 
08:27:29 [INFO] Loading beatmaps.
08:27:29 [INFO] 
08:27:36 [INFO] -> 100%
08:27:36 [INFO] Loading local
08:27:36 [INFO] -> 100%
08:27:36 [INFO] 
08:27:36 [INFO] Done.
08:27:36 [INFO] 
08:27:36 [INFO] ----------------
08:27:36 [INFO] 
08:27:36 [INFO] Loading enviroment
08:27:37 [INFO] 
08:27:37 [INFO] Kansei shimashita (/^-^)/!
08:27:37 [INFO] 
08:27:37 [INFO] ----------------
08:28:05 [INFO] Game Started: Matsushita&yuikonnu - LOVE x LOVE Whistle [Extra]
08:28:32 [INFO] Game Paused
08:28:33 [INFO] Game unpaused
08:31:09 [INFO] Game End: Matsushita&yuikonnu - LOVE x LOVE Whistle [Extra]
08:32:29 [INFO] Game Started: Matsushita&yuikonnu - LOVE x LOVE Whistle [Luna's Insane]
08:33:01 [INFO] Game Paused
