02:18:18 [INFO] Log File: C:\Users\Tellez\documents\visual studio 2012\Projects\ubeat\ubeat\ubeat\bin\x86\Debug\logs\log-1460600298.log
02:18:18 [INFO] 
02:18:18 [INFO] =====================================
02:18:18 [INFO] =                                   =
02:18:18 [INFO] =          Welcome to ubeat!        =
02:18:18 [INFO] =       Developed by Fabi With ♥    =
02:18:18 [INFO] =                                   =
02:18:18 [INFO] =====================================
02:18:18 [INFO] 
02:18:18 [INFO] 
02:18:18 [INFO] ----------------
02:18:18 [INFO] 
02:18:18 [INFO] Loading beatmaps.
02:18:24 [INFO] 
02:18:24 [INFO] Done.
02:18:24 [INFO] 
02:18:24 [INFO] ----------------
02:18:24 [INFO] 
02:18:33 [INFO] Game Started: Buta-Otome - Sharekoube [fergas' Normal]
02:19:02 [INFO] Game Paused
02:19:03 [INFO] Exit Game
