02:19:35 [INFO] Log File: C:\Users\Tellez\documents\visual studio 2012\Projects\ubeat\ubeat\ubeat\bin\x86\Debug\logs\log-1460600375.log
02:19:35 [INFO] 
02:19:35 [INFO] =====================================
02:19:35 [INFO] =                                   =
02:19:35 [INFO] =          Welcome to ubeat!        =
02:19:35 [INFO] =       Developed by Fabi With ♥    =
02:19:35 [INFO] =                                   =
02:19:35 [INFO] =====================================
02:19:35 [INFO] 
02:19:36 [INFO] 
02:19:36 [INFO] ----------------
02:19:36 [INFO] 
02:19:36 [INFO] Loading beatmaps.
02:19:41 [INFO] 
02:19:41 [INFO] Done.
02:19:41 [INFO] 
02:19:41 [INFO] ----------------
02:19:41 [INFO] 
02:19:49 [INFO] Game Started: cYsmix - House With Legs [Normal]
02:22:28 [INFO] Game End: cYsmix - House With Legs [Normal]
02:22:59 [INFO] Game Started: Hanazawa Kana - Meiwaku Spectacle (TV Size) [Normal]
02:23:01 [INFO] Audio LeadIn: 1500
02:23:43 [INFO] Game End: Hanazawa Kana - Meiwaku Spectacle (TV Size) [Normal]
02:23:52 [INFO] Game Started: iojjj - Deus Ex Machina [INSANE]
02:23:54 [INFO] Audio LeadIn: 1478
02:24:07 [INFO] Game Failed
02:24:07 [INFO] Game Paused
02:24:09 [INFO] Retry performed
02:24:09 [INFO] Game unpaused
02:24:10 [INFO] Game Started: iojjj - Deus Ex Machina [INSANE]
02:24:10 [INFO] Game Failed
02:24:10 [INFO] Game Paused
02:24:11 [INFO] Retry performed
02:24:11 [INFO] Game unpaused
02:24:11 [INFO] Audio LeadIn: 1478
02:24:11 [INFO] Game Started: iojjj - Deus Ex Machina [INSANE]
02:24:13 [INFO] Audio LeadIn: 1478
02:24:19 [INFO] Game Failed
02:24:19 [INFO] Game Paused
02:24:20 [INFO] Retry performed
02:24:20 [INFO] Game unpaused
02:24:20 [INFO] Game Started: iojjj - Deus Ex Machina [INSANE]
02:24:22 [INFO] Audio LeadIn: 1478
02:24:27 [INFO] Game Failed
02:24:27 [INFO] Game Paused
02:24:28 [INFO] Retry performed
02:24:28 [INFO] Game unpaused
02:24:28 [INFO] Game Started: iojjj - Deus Ex Machina [INSANE]
02:24:29 [INFO] Audio LeadIn: 1478
02:24:36 [INFO] Game Failed
02:24:36 [INFO] Game Paused
02:24:36 [INFO] Retry performed
02:24:36 [INFO] Game unpaused
02:24:36 [INFO] Game Started: iojjj - Deus Ex Machina [INSANE]
02:24:38 [INFO] Audio LeadIn: 1478
02:24:44 [INFO] Game Failed
02:24:44 [INFO] Game Paused
02:24:45 [INFO] Retry performed
02:24:45 [INFO] Game unpaused
02:24:45 [INFO] Game Started: iojjj - Deus Ex Machina [INSANE]
02:24:47 [INFO] Audio LeadIn: 1478
02:24:53 [INFO] Game Failed
02:24:53 [INFO] Game Paused
02:24:55 [INFO] Exit Game
02:25:05 [INFO] Game Started: Hanazawa Kana - Meiwaku Spectacle (TV Size) [Normal]
02:25:06 [INFO] Audio LeadIn: 1500
02:25:47 [INFO] Game End: Hanazawa Kana - Meiwaku Spectacle (TV Size) [Normal]
02:25:57 [INFO] Game Started: joeyclassic - seal 2.flv [Seal]
02:26:56 [INFO] Game End: joeyclassic - seal 2.flv [Seal]
02:27:11 [INFO] Game Started: Nanamori-chu * Goraku-bu - My Pace de Ikimashou [Insane]
02:27:31 [INFO] Game Failed
02:27:31 [INFO] Game Paused
02:27:33 [INFO] Exit Game
02:27:44 [INFO] Game Started: Petit Rabbit's - Daydream cafe [Kanto's Hard]
02:27:45 [INFO] Audio LeadIn: 1000
02:27:53 [INFO] Game Paused
02:27:54 [INFO] Exit Game
02:28:09 [INFO] Game Started: Reol - MONSTER [REGRAZ'S HARD]
02:28:27 [INFO] Game Paused
02:28:28 [INFO] Exit Game
02:28:37 [INFO] Game Started: senya - Kanjou Chemistry (Drum 'n' Bass Remix) [Guy's Hard]
02:28:39 [INFO] Audio LeadIn: 2000
02:29:07 [INFO] Game Failed
02:29:07 [INFO] Game Paused
02:29:08 [INFO] Retry performed
02:29:08 [INFO] Game unpaused
02:29:08 [INFO] Game Started: senya - Kanjou Chemistry (Drum 'n' Bass Remix) [Guy's Hard]
02:29:08 [INFO] Game Failed
02:29:08 [INFO] Game Paused
02:29:10 [INFO] Retry performed
02:29:10 [INFO] Game unpaused
02:29:10 [INFO] Game Started: senya - Kanjou Chemistry (Drum 'n' Bass Remix) [Guy's Hard]
02:29:10 [INFO] Audio LeadIn: 2000
02:29:12 [INFO] Audio LeadIn: 2000
02:29:15 [INFO] Game Paused
02:29:15 [INFO] Exit Game
02:29:23 [INFO] Game Started: THE ORAL CIGARETTES - Kyouran Hey Kids!! [Veyron's Normal]
02:29:59 [INFO] Game Failed
02:29:59 [INFO] Game Paused
02:30:00 [INFO] Retry performed
02:30:00 [INFO] Game unpaused
02:30:00 [INFO] Game Started: THE ORAL CIGARETTES - Kyouran Hey Kids!! [Veyron's Normal]
02:30:02 [INFO] Game Paused
02:30:04 [INFO] Game unpaused
02:30:04 [INFO] Game Paused
02:30:04 [INFO] Exit Game
02:30:15 [INFO] Game Started: THE ORAL CIGARETTES - Kyouran Hey Kids!! [Easy]
02:34:18 [INFO] Game End: THE ORAL CIGARETTES - Kyouran Hey Kids!! [Easy]
