00:07:35 [INFO] Log File: C:\Users\Tellez\documents\visual studio 2012\Projects\ubeat\ubeat\ubeat\bin\x86\Debug\logs\log-1459037255.log
00:07:35 [INFO] 
00:07:35 [INFO] =====================================
00:07:35 [INFO] =                                   =
00:07:35 [INFO] =          Welcome to ubeat!        =
00:07:35 [INFO] =       Developed by Fabi With ♥    =
00:07:35 [INFO] =                                   =
00:07:35 [INFO] =====================================
00:07:35 [INFO] 
00:07:36 [INFO] 
00:07:36 [INFO] ----------------
00:07:36 [INFO] 
00:07:36 [INFO] Loading beatmaps.
00:07:43 [INFO] 
00:07:43 [INFO] Done.
00:07:43 [INFO] 
00:07:43 [INFO] ----------------
00:07:43 [INFO] 
00:09:34 [INFO] Game Started: Imai Asami - Asayake no Starmine (Anime Ver.) [Easy]
00:09:35 [INFO] Audio LeadIn: 1000
00:09:40 [INFO] Game Paused
00:09:41 [INFO] Exit Game
00:09:46 [INFO] Game Started: Kurokotei - Galaxy Collapse [Oni]
00:10:06 [INFO] Game Paused
00:10:07 [INFO] Exit Game
00:10:19 [INFO] Game Started: THE ORAL CIGARETTES - Kyouran Hey Kids!! [Insane]
00:12:16 [INFO] Game Paused
00:12:42 [INFO] Game unpaused
00:12:42 [INFO] Game Paused
00:12:44 [INFO] Exit Game
00:12:47 [INFO] Game Started: THE ORAL CIGARETTES - Kyouran Hey Kids!! [Milan-'s Hard]
00:12:48 [INFO] Game Paused
00:12:49 [INFO] Exit Game
00:12:59 [INFO] Game Started: THE ORAL CIGARETTES - Kyouran Hey Kids!! [God of Speed]
00:13:21 [INFO] Game Paused
00:13:22 [INFO] Exit Game
