03:25:25 [INFO] Log File: C:\Users\Tellez\documents\visual studio 2012\Projects\ubeat\ubeat\ubeat\bin\x86\Debug\logs\log-1460604325.log
03:25:25 [INFO] 
03:25:25 [INFO] =====================================
03:25:25 [INFO] =                                   =
03:25:25 [INFO] =          Welcome to ubeat!        =
03:25:25 [INFO] =       Developed by Fabi With ♥    =
03:25:25 [INFO] =                                   =
03:25:25 [INFO] =====================================
03:25:25 [INFO] 
03:25:25 [INFO] 
03:25:25 [INFO] ----------------
03:25:25 [INFO] 
03:25:25 [INFO] Loading beatmaps.
03:25:31 [INFO] 
03:25:31 [INFO] Done.
03:25:31 [INFO] 
03:25:31 [INFO] ----------------
03:25:31 [INFO] 
03:25:49 [INFO] Game Started: Dark PHOENiX - Ryokugan no Jealousy [Monster with Green Eyes]
03:27:21 [INFO] Game Paused
03:27:21 [INFO] Exit Game
