03:52:38 [INFO] Log File: C:\Users\Tellez\documents\visual studio 2012\Projects\ubeat\ubeat\ubeat\bin\x86\Debug\logs\log-1460605958.log
03:52:38 [INFO] 
03:52:38 [INFO] =====================================
03:52:38 [INFO] =                                   =
03:52:38 [INFO] =          Welcome to ubeat!        =
03:52:38 [INFO] =       Developed by Fabi With ♥    =
03:52:38 [INFO] =                                   =
03:52:38 [INFO] =====================================
03:52:38 [INFO] 
03:52:39 [INFO] 
03:52:39 [INFO] ----------------
03:52:39 [INFO] 
03:52:39 [INFO] Loading beatmaps.
03:52:44 [INFO] 
03:52:44 [INFO] Done.
03:52:44 [INFO] 
03:52:44 [INFO] ----------------
03:52:44 [INFO] 
03:52:53 [INFO] Game Started: ave;new feat. Sakura Saori - Graceful Anomaly [Insane]
03:52:55 [INFO] Game Paused
03:52:55 [INFO] Exit Game
03:53:02 [INFO] Game Started: Hanazawa Kana - Meiwaku Spectacle (TV Size) [Yamete]
03:53:04 [INFO] Audio LeadIn: 1500
03:53:46 [INFO] Game End: Hanazawa Kana - Meiwaku Spectacle (TV Size) [Yamete]
03:54:06 [INFO] Game Started: Pegboard Nerds - Try This [Insane]
03:54:30 [INFO] Game Paused
03:54:31 [INFO] Exit Game
03:54:38 [INFO] Game Started: Mat Zo - Soul Food (Club Mix) [Insane]
03:56:28 [INFO] Game End: Mat Zo - Soul Food (Club Mix) [Insane]
