02:10:59 [INFO] Log File: C:\Users\Tellez\documents\visual studio 2012\Projects\ubeat\ubeat\ubeat\bin\x86\Debug\logs\log-1460599859.log
02:10:59 [INFO] 
02:10:59 [INFO] =====================================
02:10:59 [INFO] =                                   =
02:10:59 [INFO] =          Welcome to ubeat!        =
02:10:59 [INFO] =       Developed by Fabi With ♥    =
02:10:59 [INFO] =                                   =
02:10:59 [INFO] =====================================
02:10:59 [INFO] 
02:11:00 [INFO] 
02:11:00 [INFO] ----------------
02:11:00 [INFO] 
02:11:00 [INFO] Loading beatmaps.
02:11:05 [INFO] 
02:11:05 [INFO] Done.
02:11:05 [INFO] 
02:11:05 [INFO] ----------------
02:11:05 [INFO] 
02:11:09 [INFO] Game Started: AKI AKANE - Kanashimi no Nami ni Oboreru [pishi's Extra]
02:11:35 [INFO] Game Failed
02:11:35 [INFO] Game Paused
02:11:36 [INFO] Exit Game
02:11:49 [INFO] Game Started: ChouCho - Happy Fate [Normal]
02:12:39 [INFO] Game Paused
02:12:40 [INFO] Exit Game
