09:47:23 [INFO] Log File: C:\Users\Tellez\Documents\Visual Studio 2012\Projects\ubeat\ubeat\ubeat\bin\x86\Debug\logs\log-1461318443.log
09:47:23 [INFO] 
09:47:23 [INFO] 
09:47:23 [INFO] ╔═══════════════════════════════╗
09:47:23 [INFO] ║                               ║
09:47:23 [INFO] ║        Build 1.0.0000         ║
09:47:23 [INFO] ║                               ║
09:47:23 [INFO] ╚═══════════════════════════════╝
09:47:23 [INFO] 
09:47:23 [INFO] =====================================
09:47:23 [INFO] =                                   =
09:47:23 [INFO] =          Welcome to ubeat!        =
09:47:23 [INFO] =       Developed by Fabi With ♥    =
09:47:23 [INFO] =                                   =
09:47:23 [INFO] =====================================
09:47:23 [INFO] 
09:47:23 [INFO] Loading textures
09:47:23 [INFO] 
09:47:23 [INFO] Done.
09:47:23 [INFO] 
09:47:23 [INFO] ----------------
09:47:23 [INFO] 
09:47:23 [INFO] Loading beatmaps.
09:47:23 [INFO] 
09:47:30 [INFO] -> 100%
09:47:30 [INFO] Loading local
09:47:30 [INFO] -> 100%
09:47:30 [INFO] 
09:47:30 [INFO] Done.
09:47:30 [INFO] 
09:47:30 [INFO] ----------------
09:47:30 [INFO] 
09:47:30 [INFO] Loading enviroment
09:47:30 [INFO] 
09:47:30 [INFO] Kansei shimashita (/^-^)/!
09:47:30 [INFO] 
09:47:30 [INFO] ----------------
09:47:44 [INFO]  Bye! 
