03:36:08 [INFO] Log File: C:\Users\Tellez\documents\visual studio 2012\Projects\ubeat\ubeat\ubeat\bin\x86\Debug\logs\log-1460604968.log
03:36:08 [INFO] 
03:36:08 [INFO] =====================================
03:36:08 [INFO] =                                   =
03:36:08 [INFO] =          Welcome to ubeat!        =
03:36:08 [INFO] =       Developed by Fabi With ♥    =
03:36:08 [INFO] =                                   =
03:36:08 [INFO] =====================================
03:36:08 [INFO] 
03:36:09 [INFO] 
03:36:09 [INFO] ----------------
03:36:09 [INFO] 
03:36:09 [INFO] Loading beatmaps.
03:36:15 [INFO] 
03:36:15 [INFO] Done.
03:36:15 [INFO] 
03:36:15 [INFO] ----------------
03:36:15 [INFO] 
03:36:41 [INFO] Game Started: TOMOSUKE - Macuilxochitl [[Shalon]'s Jubeataiko]
03:36:42 [INFO] Audio LeadIn: 1015
03:37:06 [INFO] Game Paused
03:37:07 [INFO] Exit Game
