22:09:38 [INFO] Log File: C:\Users\Tellez\documents\visual studio 2012\Projects\ubeat\ubeat\ubeat\bin\x86\Debug\logs\log-1460585378.log
22:09:38 [INFO] 
22:09:38 [INFO] =====================================
22:09:38 [INFO] =                                   =
22:09:38 [INFO] =          Welcome to ubeat!        =
22:09:38 [INFO] =       Developed by Fabi With ♥    =
22:09:38 [INFO] =                                   =
22:09:38 [INFO] =====================================
22:09:38 [INFO] 
22:09:38 [INFO] 
22:09:38 [INFO] ----------------
22:09:38 [INFO] 
22:09:38 [INFO] Loading beatmaps.
22:09:45 [INFO] 
22:09:45 [INFO] Done.
22:09:45 [INFO] 
22:09:45 [INFO] ----------------
22:09:45 [INFO] 
22:10:59 [INFO] Game Started: THE ORAL CIGARETTES - Kyouran Hey Kids!! [Milan-'s Hard]
22:11:10 [INFO] Game Paused
22:11:10 [INFO] Exit Game
22:11:28 [INFO] Game Started: THE ORAL CIGARETTES - Kyouran Hey Kids!! [Veyron's Normal]
22:11:43 [INFO] Game Failed
22:11:43 [INFO] Game Paused
22:11:46 [INFO] Retry performed
22:11:46 [INFO] Game unpaused
22:11:46 [INFO] Game Started: THE ORAL CIGARETTES - Kyouran Hey Kids!! [Veyron's Normal]
22:11:49 [INFO] Game Paused
22:11:49 [INFO] Exit Game
23:13:30 [INFO] Game Started: Three Days Grace - No More [Normal]
23:14:12 [INFO] Game Failed
23:14:12 [INFO] Game Paused
23:18:32 [INFO] Exit Game
23:18:45 [INFO] Game Started: Tsunamaru - Daidai Genome [Hard]
23:19:20 [INFO] Game Failed
23:19:20 [INFO] Game Paused
23:19:21 [INFO] Exit Game
23:19:25 [INFO] Game Started: Tsunamaru - Daidai Genome [Kinshara's Normal]
23:20:07 [INFO] Game Paused
23:20:08 [INFO] Game unpaused
23:20:08 [INFO] Game Paused
23:20:08 [INFO] Game unpaused
23:20:08 [INFO] Game Paused
23:20:08 [INFO] Game unpaused
23:20:08 [INFO] Game Paused
23:20:09 [INFO] Game unpaused
23:20:09 [INFO] Game Paused
23:20:09 [INFO] Game unpaused
23:20:09 [INFO] Game Paused
23:20:10 [INFO] Game unpaused
23:20:10 [INFO] Game Paused
23:20:12 [INFO] Exit Game
