17:56:49 [INFO] Log File: C:\Users\Tellez\documents\visual studio 2012\Projects\ubeat\ubeat\ubeat\bin\x86\Debug\logs\log-1460570209.log
17:56:49 [INFO] 
17:56:49 [INFO] =====================================
17:56:49 [INFO] =                                   =
17:56:49 [INFO] =          Welcome to ubeat!        =
17:56:49 [INFO] =       Developed by Fabi With ♥    =
17:56:49 [INFO] =                                   =
17:56:49 [INFO] =====================================
17:56:49 [INFO] 
17:56:50 [INFO] 
17:56:50 [INFO] ----------------
17:56:50 [INFO] 
17:56:50 [INFO] Loading beatmaps.
17:56:56 [INFO] 
17:56:56 [INFO] Done.
17:56:56 [INFO] 
17:56:56 [INFO] ----------------
17:56:56 [INFO] 
17:58:06 [INFO] Game Started: Anamanaguchi - Prom Night [Advanced]
18:01:51 [INFO] Game End: Anamanaguchi - Prom Night [Advanced]
18:04:54 [INFO] Game Started: Lily - Scarlet Rose [0108 style]
18:05:39 [INFO] Game Paused
18:05:40 [INFO] Exit Game
18:06:01 [INFO] Game Started: loos - Starlight Disco (feat. Meramipop) [Master]
18:07:22 [INFO] Game End: loos - Starlight Disco (feat. Meramipop) [Master]
18:07:35 [INFO] Game Started: loos - Starlight Disco(feat. Meramipop) [Usagi's MASTER]
18:08:53 [INFO] Game End: loos - Starlight Disco(feat. Meramipop) [Usagi's MASTER]
18:09:06 [INFO] Game Started: loos feat. Meramipop - Starlight Disco [2x Speed]
18:10:25 [INFO] Game End: loos feat. Meramipop - Starlight Disco [2x Speed]
18:10:34 [INFO] Game Started: loos feat. Meramipop - Starlight Disco [AR++ during kiai]
18:11:54 [INFO] Game End: loos feat. Meramipop - Starlight Disco [AR++ during kiai]
18:12:08 [INFO] Game Started: loos feat. Meramipop - Starlight Disco [OverdoZe]
18:12:10 [INFO] Audio LeadIn: 2000
18:13:31 [INFO] Game End: loos feat. Meramipop - Starlight Disco [OverdoZe]
18:14:01 [INFO] Game Started: Miyuki Hashimoto - Gensou Roukaku [Fantasy]
18:16:05 [INFO] Game End: Miyuki Hashimoto - Gensou Roukaku [Fantasy]
