00:13:56 [INFO] Log File: C:\Users\Tellez\Documents\Visual Studio 2012\Projects\ubeat\ubeat\ubeat\bin\x86\Debug\logs\log-1460420036.log
00:13:56 [INFO] 
00:13:56 [INFO] =====================================
00:13:56 [INFO] =                                   =
00:13:56 [INFO] =          Welcome to ubeat!        =
00:13:56 [INFO] =       Developed by Fabi With ♥    =
00:13:56 [INFO] =                                   =
00:13:56 [INFO] =====================================
00:13:56 [INFO] 
00:13:57 [INFO] 
00:13:57 [INFO] ----------------
00:13:57 [INFO] 
00:13:57 [INFO] Loading beatmaps.
00:14:01 [INFO] 
00:14:01 [INFO] Done.
00:14:01 [INFO] 
00:14:01 [INFO] ----------------
00:14:01 [INFO] 
00:14:20 [INFO] Game Started: Arata Iiyoshi & Atsuhiro Ishizuna - Kyuujo Kichi [Rescue Me!]
00:14:53 [INFO] Game End: Arata Iiyoshi & Atsuhiro Ishizuna - Kyuujo Kichi [Rescue Me!]
00:15:17 [INFO] Game Started: Buta-Otome - Sharekoube [Elvis' Insane]
