03:29:03 [INFO] Log File: C:\Users\Tellez\documents\visual studio 2012\Projects\ubeat\ubeat\ubeat\bin\x86\Debug\logs\log-1460604543.log
03:29:03 [INFO] 
03:29:03 [INFO] =====================================
03:29:03 [INFO] =                                   =
03:29:03 [INFO] =          Welcome to ubeat!        =
03:29:03 [INFO] =       Developed by Fabi With ♥    =
03:29:03 [INFO] =                                   =
03:29:03 [INFO] =====================================
03:29:03 [INFO] 
03:29:03 [INFO] 
03:29:03 [INFO] ----------------
03:29:03 [INFO] 
03:29:03 [INFO] Loading beatmaps.
03:29:09 [INFO] 
03:29:09 [INFO] Done.
03:29:09 [INFO] 
03:29:09 [INFO] ----------------
03:29:09 [INFO] 
03:29:21 [INFO] Game Started: Nanahira - Tobidase! Sweet Sweet Magic* [Insane]
03:29:23 [INFO] Audio LeadIn: 2000
03:31:36 [INFO] Game Paused
03:31:37 [INFO] Exit Game
