02:32:37 [INFO] Log File: C:\Users\Tellez\documents\visual studio 2012\Projects\ubeat\ubeat\ubeat\bin\x86\Debug\logs\log-1459045957.log
02:32:37 [INFO] 
02:32:37 [INFO] =====================================
02:32:37 [INFO] =                                   =
02:32:37 [INFO] =          Welcome to ubeat!        =
02:32:37 [INFO] =       Developed by Fabi With ♥    =
02:32:37 [INFO] =                                   =
02:32:37 [INFO] =====================================
02:32:37 [INFO] 
02:32:37 [INFO] 
02:32:37 [INFO] ----------------
02:32:37 [INFO] 
02:32:37 [INFO] Loading beatmaps.
02:32:41 [INFO] 
02:32:41 [INFO] Done.
02:32:41 [INFO] 
02:32:41 [INFO] ----------------
02:32:41 [INFO] 
02:33:16 [INFO] Game Started: THE ORAL CIGARETTES - Kyouran Hey Kids!! [God of Speed]
02:33:36 [INFO] Game Paused
03:09:54 [INFO] Game unpaused
03:12:42 [INFO] Game Paused
03:12:43 [INFO] Exit Game
