18:34:38 [INFO] Log File: C:\Users\Tellez\documents\visual studio 2012\Projects\ubeat\ubeat\ubeat\bin\x86\Debug\logs\log-1460572478.log
18:34:38 [INFO] 
18:34:38 [INFO] =====================================
18:34:38 [INFO] =                                   =
18:34:38 [INFO] =          Welcome to ubeat!        =
18:34:38 [INFO] =       Developed by Fabi With ♥    =
18:34:38 [INFO] =                                   =
18:34:38 [INFO] =====================================
18:34:38 [INFO] 
18:34:39 [INFO] 
18:34:39 [INFO] ----------------
18:34:39 [INFO] 
18:34:39 [INFO] Loading beatmaps.
18:34:44 [INFO] 
18:34:44 [INFO] Done.
18:34:44 [INFO] 
18:34:44 [INFO] ----------------
18:34:44 [INFO] 
18:35:15 [INFO] Game Started: Tatsh - IMAGE -MATERIAL- <Version 0> [Scorpiour]
18:36:06 [INFO] Game Failed
18:36:06 [INFO] Game Paused
18:36:09 [INFO] Exit Game
18:36:13 [INFO] Game Started: Tatsh - IMAGE -MATERIAL- <Version 0> [Scorpiour]
18:37:04 [INFO] Game Failed
18:37:04 [INFO] Game Paused
18:37:07 [INFO] Exit Game
