02:03:06 [INFO] Log File: C:\Users\Tellez\documents\visual studio 2012\Projects\ubeat\ubeat\ubeat\bin\x86\Debug\logs\log-1459044186.log
02:03:06 [INFO] 
02:03:06 [INFO] =====================================
02:03:06 [INFO] =                                   =
02:03:06 [INFO] =          Welcome to ubeat!        =
02:03:06 [INFO] =       Developed by Fabi With ♥    =
02:03:06 [INFO] =                                   =
02:03:06 [INFO] =====================================
02:03:06 [INFO] 
02:03:06 [INFO] 
02:03:06 [INFO] ----------------
02:03:06 [INFO] 
02:03:06 [INFO] Loading beatmaps.
02:03:11 [INFO] 
02:03:11 [INFO] Done.
02:03:11 [INFO] 
02:03:11 [INFO] ----------------
02:03:11 [INFO] 
02:03:26 [INFO] Game Started: Hanazawa Kana - Meiwaku Spectacle (TV Size) [Insane]
02:03:28 [INFO] Audio LeadIn: 1500
