02:35:52 [INFO] Log File: C:\Users\Tellez\documents\visual studio 2012\Projects\ubeat\ubeat\ubeat\bin\x86\Debug\logs\log-1460601352.log
02:35:52 [INFO] 
02:35:52 [INFO] =====================================
02:35:52 [INFO] =                                   =
02:35:52 [INFO] =          Welcome to ubeat!        =
02:35:52 [INFO] =       Developed by Fabi With ♥    =
02:35:52 [INFO] =                                   =
02:35:52 [INFO] =====================================
02:35:52 [INFO] 
02:35:53 [INFO] 
02:35:53 [INFO] ----------------
02:35:53 [INFO] 
02:35:53 [INFO] Loading beatmaps.
02:35:58 [INFO] 
02:35:58 [INFO] Done.
02:35:58 [INFO] 
02:35:58 [INFO] ----------------
02:35:58 [INFO] 
02:36:06 [INFO] Game Started: Ayakura Mei - Puzzle Maker [KwaN's Normal]
02:36:09 [INFO] Game Paused
02:36:09 [INFO] Exit Game
02:36:15 [INFO] Game Started: DJ Fresh (feat. Ellie Goulding) - Flashlight (Radio Edit) [HOS' Easy]
02:38:19 [INFO] Game Paused
02:38:20 [INFO] Exit Game
02:38:33 [INFO] Game Started: GigaP & Reol - Drop Pop Candy [Reol]
02:38:45 [INFO] Game Paused
02:38:45 [INFO] Exit Game
02:38:49 [INFO] Game Started: GigaP & Reol - Drop Pop Candy [Normal]
02:41:03 [INFO] Game Paused
02:41:03 [INFO] Exit Game
02:41:06 [INFO] Game Started: GigaP & Reol - Drop Pop Candy [Easy]
02:44:49 [INFO] Game End: GigaP & Reol - Drop Pop Candy [Easy]
02:44:59 [INFO] Game Started: Helblinde - Ritsuen!! [milky's Sliders]
02:46:52 [INFO] Game Paused
02:46:53 [INFO] Exit Game
02:47:01 [INFO] Game Started: Joe Hisaishi - Umi no Mieru Machi [Normal]
02:47:10 [INFO] Game Paused
02:47:10 [INFO] Exit Game
02:47:13 [INFO] Game Started: Joe Hisaishi - Umi no Mieru Machi [Normal]
02:47:39 [INFO] Game Paused
02:47:40 [INFO] Exit Game
02:47:46 [INFO] Game Started: Joe Hisaishi - Umi no Mieru Machi [View of the Ocean]
02:49:13 [INFO] Game End: Joe Hisaishi - Umi no Mieru Machi [View of the Ocean]
02:49:30 [INFO] Game Started: Joe Hisaishi - Umi no Mieru Machi [Easy]
02:50:58 [INFO] Game End: Joe Hisaishi - Umi no Mieru Machi [Easy]
