18:32:24 [INFO] Log File: C:\Users\Tellez\documents\visual studio 2012\Projects\ubeat\ubeat\ubeat\bin\x86\Debug\logs\log-1460572344.log
18:32:24 [INFO] 
18:32:24 [INFO] =====================================
18:32:24 [INFO] =                                   =
18:32:24 [INFO] =          Welcome to ubeat!        =
18:32:24 [INFO] =       Developed by Fabi With ♥    =
18:32:24 [INFO] =                                   =
18:32:24 [INFO] =====================================
18:32:24 [INFO] 
18:32:24 [INFO] 
18:32:24 [INFO] ----------------
18:32:24 [INFO] 
18:32:24 [INFO] Loading beatmaps.
18:32:30 [INFO] 
18:32:30 [INFO] Done.
18:32:30 [INFO] 
18:32:30 [INFO] ----------------
18:32:30 [INFO] 
18:32:38 [INFO] Game Started: BoxPlot - Escape With The Clouds [No Escape]
18:33:54 [INFO] Game Failed
18:33:54 [INFO] Game Paused
18:33:56 [INFO] Exit Game
