00:15:33 [INFO] Log File: C:\Users\Tellez\Documents\Visual Studio 2012\Projects\ubeat\ubeat\ubeat\bin\x86\Debug\logs\log-1460420133.log
00:15:33 [INFO] 
00:15:33 [INFO] =====================================
00:15:33 [INFO] =                                   =
00:15:33 [INFO] =          Welcome to ubeat!        =
00:15:33 [INFO] =       Developed by Fabi With ♥    =
00:15:33 [INFO] =                                   =
00:15:33 [INFO] =====================================
00:15:33 [INFO] 
00:15:33 [INFO] 
00:15:33 [INFO] ----------------
00:15:33 [INFO] 
00:15:33 [INFO] Loading beatmaps.
00:15:37 [INFO] 
00:15:37 [INFO] Done.
00:15:37 [INFO] 
00:15:37 [INFO] ----------------
00:15:37 [INFO] 
00:15:57 [INFO] Game Started: Buta-Otome - Sharekoube [fergas' Normal]
00:16:14 [INFO] Game Paused
00:16:15 [INFO] Exit Game
00:16:19 [INFO] Game Started: Buta-Otome - Sharekoube [Elvis' Insane]
00:18:26 [INFO] Game Paused
00:18:28 [INFO] Exit Game
00:18:58 [INFO] Game Started: Dark PHOENiX - Ryokugan no Jealousy [31's Oni]
