06:49:36 [INFO] Log File: C:\Users\Tellez\documents\visual studio 2012\Projects\ubeat\ubeat\ubeat\bin\x86\Debug\logs\log-1459061376.log
06:49:36 [INFO] 
06:49:36 [INFO] =====================================
06:49:36 [INFO] =                                   =
06:49:36 [INFO] =          Welcome to ubeat!        =
06:49:36 [INFO] =       Developed by Fabi With ♥    =
06:49:36 [INFO] =                                   =
06:49:36 [INFO] =====================================
06:49:36 [INFO] 
06:49:36 [INFO] 
06:49:36 [INFO] ----------------
06:49:36 [INFO] 
06:49:36 [INFO] Loading beatmaps.
06:49:40 [INFO] 
06:49:40 [INFO] Done.
06:49:40 [INFO] 
06:49:40 [INFO] ----------------
06:49:40 [INFO] 
06:51:05 [INFO] Game Started: THE ORAL CIGARETTES - Kyouran Hey Kids!! [God of Speed]
06:52:26 [INFO] Game Paused
06:52:26 [INFO] Game unpaused
06:52:27 [INFO] Game Paused
06:52:27 [INFO] Exit Game
