06:55:08 [INFO] Log File: C:\Users\Tellez\documents\visual studio 2012\Projects\ubeat\ubeat\ubeat\bin\x86\Debug\logs\log-1459061708.log
06:55:08 [INFO] 
06:55:08 [INFO] =====================================
06:55:08 [INFO] =                                   =
06:55:08 [INFO] =          Welcome to ubeat!        =
06:55:08 [INFO] =       Developed by Fabi With ♥    =
06:55:08 [INFO] =                                   =
06:55:08 [INFO] =====================================
06:55:08 [INFO] 
06:55:08 [INFO] 
06:55:08 [INFO] ----------------
06:55:08 [INFO] 
06:55:08 [INFO] Loading beatmaps.
06:55:11 [INFO] 
06:55:11 [INFO] Done.
06:55:11 [INFO] 
06:55:11 [INFO] ----------------
06:55:11 [INFO] 
06:55:41 [INFO] Game Started: Team Nekokan - Can't Defeat Airman [Insane]
06:58:23 [INFO] Game Paused
06:58:24 [INFO] Exit Game
