19:45:36 [INFO] Log File: C:\Users\Tellez\documents\visual studio 2012\Projects\ubeat\ubeat\ubeat\bin\x86\Debug\logs\log-1460576736.log
19:45:36 [INFO] 
19:45:36 [INFO] =====================================
19:45:36 [INFO] =                                   =
19:45:36 [INFO] =          Welcome to ubeat!        =
19:45:36 [INFO] =       Developed by Fabi With ♥    =
19:45:36 [INFO] =                                   =
19:45:36 [INFO] =====================================
19:45:36 [INFO] 
19:45:36 [INFO] 
19:45:36 [INFO] ----------------
19:45:36 [INFO] 
19:45:36 [INFO] Loading beatmaps.
19:45:43 [INFO] 
19:45:43 [INFO] Done.
19:45:43 [INFO] 
19:45:43 [INFO] ----------------
19:45:43 [INFO] 
19:45:54 [INFO] Game Started: DJ YOSHITAKA - Evans [Another]
19:45:55 [INFO] Audio LeadIn: 982
19:47:37 [INFO] Game End: DJ YOSHITAKA - Evans [Another]
19:48:22 [INFO] Game Started: Renard - PIZZZZZZZZ [Insane]
19:49:40 [INFO] Game End: Renard - PIZZZZZZZZ [Insane]
19:49:56 [INFO] Game Started: THE ORAL CIGARETTES - Kyouran Hey Kids!! [Insane]
19:53:12 [INFO] Game Paused
19:53:13 [INFO] Exit Game
