20:06:48 [INFO] Log File: C:\Users\Tellez\documents\visual studio 2012\Projects\ubeat\ubeat\ubeat\bin\x86\Debug\logs\log-1460578008.log
20:06:48 [INFO] 
20:06:48 [INFO] =====================================
20:06:48 [INFO] =                                   =
20:06:48 [INFO] =          Welcome to ubeat!        =
20:06:48 [INFO] =       Developed by Fabi With ♥    =
20:06:48 [INFO] =                                   =
20:06:48 [INFO] =====================================
20:06:48 [INFO] 
20:06:49 [INFO] 
20:06:49 [INFO] ----------------
20:06:49 [INFO] 
20:06:49 [INFO] Loading beatmaps.
20:06:54 [INFO] 
20:06:54 [INFO] Done.
20:06:54 [INFO] 
20:06:54 [INFO] ----------------
20:06:54 [INFO] 
20:07:03 [INFO] Game Started: cYsmix - House With Legs [Insane]
20:07:19 [INFO] Game Paused
20:07:19 [INFO] Exit Game
20:07:25 [INFO] Game Started: fhana - Wonder Stella [Flask's Insane]
20:07:25 [INFO] Audio LeadIn: 700
20:07:31 [INFO] Game Paused
20:07:32 [INFO] Exit Game
