00:25:29 [INFO] Log File: C:\Users\Tellez\documents\visual studio 2012\Projects\ubeat\ubeat\ubeat\bin\x86\Debug\logs\log-1460420729.log
00:25:29 [INFO] 
00:25:29 [INFO] =====================================
00:25:29 [INFO] =                                   =
00:25:29 [INFO] =          Welcome to ubeat!        =
00:25:29 [INFO] =       Developed by Fabi With ♥    =
00:25:29 [INFO] =                                   =
00:25:29 [INFO] =====================================
00:25:29 [INFO] 
00:25:29 [INFO] 
00:25:29 [INFO] ----------------
00:25:29 [INFO] 
00:25:29 [INFO] Loading beatmaps.
00:25:34 [INFO] 
00:25:34 [INFO] Done.
00:25:34 [INFO] 
00:25:34 [INFO] ----------------
00:25:34 [INFO] 
00:25:45 [INFO] Game Started: Anamanaguchi - Prom Night [Insane]
00:25:48 [INFO] Game Paused
00:25:49 [INFO] Exit Game
00:25:52 [INFO] Game Started: Anamanaguchi - Prom Night [Insane]
00:28:12 [INFO] Game Paused
00:28:13 [INFO] Exit Game
