09:47:46 [INFO] Log File: C:\Users\Tellez\Documents\Visual Studio 2012\Projects\ubeat\ubeat\ubeat\bin\x86\Debug\logs\log-1461318466.log
09:47:46 [INFO] 
09:47:46 [INFO] 
09:47:46 [INFO] ╔═══════════════════════════════╗
09:47:46 [INFO] ║                               ║
09:47:46 [INFO] ║        Build 1.0.0000         ║
09:47:46 [INFO] ║                               ║
09:47:46 [INFO] ╚═══════════════════════════════╝
09:47:46 [INFO] 
09:47:46 [INFO] =====================================
09:47:46 [INFO] =                                   =
09:47:46 [INFO] =          Welcome to ubeat!        =
09:47:46 [INFO] =       Developed by Fabi With ♥    =
09:47:46 [INFO] =                                   =
09:47:46 [INFO] =====================================
09:47:46 [INFO] 
09:47:47 [INFO] Loading textures
09:47:47 [INFO] 
09:47:47 [INFO] Done.
09:47:47 [INFO] 
09:47:47 [INFO] ----------------
09:47:47 [INFO] 
09:47:47 [INFO] Loading beatmaps.
09:47:47 [INFO] 
09:47:54 [INFO] -> 100%
09:47:54 [INFO] Loading local
09:47:54 [INFO] -> 100%
09:47:54 [INFO] 
09:47:54 [INFO] Done.
09:47:54 [INFO] 
09:47:54 [INFO] ----------------
09:47:54 [INFO] 
09:47:54 [INFO] Loading enviroment
09:47:54 [INFO] 
09:47:54 [INFO] Kansei shimashita (/^-^)/!
09:47:54 [INFO] 
09:47:54 [INFO] ----------------
10:04:41 [WARN] BACKGROUND NOT FOUND!!
10:45:55 [INFO] Game Started: Matsushita&yuikonnu - LOVE x LOVE Whistle [Luna's Insane]
10:46:26 [INFO] Game Paused
10:46:26 [INFO] Exit Game
10:46:29 [INFO]  Bye! 
