18:30:40 [INFO] Log File: C:\Users\Tellez\documents\visual studio 2012\Projects\ubeat\ubeat\ubeat\bin\x86\Debug\logs\log-1460572240.log
18:30:40 [INFO] 
18:30:40 [INFO] =====================================
18:30:40 [INFO] =                                   =
18:30:40 [INFO] =          Welcome to ubeat!        =
18:30:40 [INFO] =       Developed by Fabi With ♥    =
18:30:40 [INFO] =                                   =
18:30:40 [INFO] =====================================
18:30:40 [INFO] 
18:30:41 [INFO] 
18:30:41 [INFO] ----------------
18:30:41 [INFO] 
18:30:41 [INFO] Loading beatmaps.
18:30:47 [INFO] 
18:30:47 [INFO] Done.
18:30:47 [INFO] 
18:30:47 [INFO] ----------------
18:30:47 [INFO] 
18:30:54 [INFO] Game Started: APG550 - NEVERLAND [Insane]
18:31:57 [INFO] Game Paused
18:31:58 [INFO] Exit Game
