20:09:06 [INFO] Log File: C:\Users\Tellez\documents\visual studio 2012\Projects\ubeat\ubeat\ubeat\bin\x86\Debug\logs\log-1460578146.log
20:09:06 [INFO] 
20:09:06 [INFO] =====================================
20:09:06 [INFO] =                                   =
20:09:06 [INFO] =          Welcome to ubeat!        =
20:09:06 [INFO] =       Developed by Fabi With ♥    =
20:09:06 [INFO] =                                   =
20:09:06 [INFO] =====================================
20:09:06 [INFO] 
20:09:06 [INFO] 
20:09:06 [INFO] ----------------
20:09:06 [INFO] 
20:09:06 [INFO] Loading beatmaps.
20:09:12 [INFO] 
20:09:12 [INFO] Done.
20:09:12 [INFO] 
20:09:12 [INFO] ----------------
20:09:12 [INFO] 
20:09:20 [INFO] Game Started: Aoi Eir - Sirius (TV size ver.) [handsome's Light Insane]
20:09:20 [INFO] Audio LeadIn: 700
20:10:59 [INFO] Game End: Aoi Eir - Sirius (TV size ver.) [handsome's Light Insane]
